#
# There is insufficient memory for the Java Runtime Environment to continue.
# Native memory allocation (mmap) failed to map 19398656 bytes for committing reserved memory.
# Possible reasons:
#   The system is out of physical RAM or swap space
#   In 32 bit mode, the process size limit was hit
# Possible solutions:
#   Reduce memory load on the system
#   Increase physical memory or swap space
#   Check if swap backing store is full
#   Use 64 bit Java on a 64 bit OS
#   Decrease Java heap size (-Xmx/-Xms)
#   Decrease number of Java threads
#   Decrease Java thread stack sizes (-Xss)
#   Set larger code cache with -XX:ReservedCodeCacheSize=
# This output file may be truncated or incomplete.
#
#  Out of Memory Error (os_linux.cpp:2638), pid=28666, tid=0x00007f94acff7700
#
# JRE version: OpenJDK Runtime Environment (8.0_121-b13) (build 1.8.0_121-b13)
# Java VM: OpenJDK 64-Bit Server VM (25.121-b13 mixed mode linux-amd64 compressed oops)
# Failed to write core dump. Core dumps have been disabled. To enable core dumping, try "ulimit -c unlimited" before starting Java again
#

---------------  T H R E A D  ---------------

Current thread (0x00007f94c4089000):  VMThread [stack: 0x00007f94acef7000,0x00007f94acff8000] [id=28691]

Stack: [0x00007f94acef7000,0x00007f94acff8000],  sp=0x00007f94acff6460,  free space=1021k
Native frames: (J=compiled Java code, j=interpreted, Vv=VM code, C=native code)
V  [libjvm.so+0xa1420d]
V  [libjvm.so+0x4c715a]
V  [libjvm.so+0x8748f0]
V  [libjvm.so+0x86efee]
V  [libjvm.so+0x8e6ceb]
V  [libjvm.so+0x8e79c0]
V  [libjvm.so+0x8e7d1b]
V  [libjvm.so+0x8e428c]
V  [libjvm.so+0x8e4a68]
V  [libjvm.so+0x8987d3]
V  [libjvm.so+0xa15e63]
V  [libjvm.so+0xa1a427]
V  [libjvm.so+0xa18e18]
V  [libjvm.so+0xa192e9]
V  [libjvm.so+0xa19741]
V  [libjvm.so+0x871d22]

VM_Operation (0x00007f946f1e54c0): ParallelGCFailedAllocation, mode: safepoint, requested by thread 0x0000000002542000


---------------  P R O C E S S  ---------------

Java Threads: ( => current thread )
  0x0000000002d8d000 JavaThread "shuffle-server-6-2" daemon [_thread_blocked, id=28754, stack(0x00007f9468fad000,0x00007f94690ae000)]
  0x00007f9478005800 JavaThread "shuffle-server-3-2" daemon [_thread_in_native, id=28753, stack(0x00007f946b0b0000,0x00007f946b1b1000)]
  0x0000000002818000 JavaThread "shuffle-server-6-1" daemon [_thread_in_native, id=28748, stack(0x00007f946c0cb000,0x00007f946c1cc000)]
  0x00007f94b0043800 JavaThread "threadDeathWatcher-4-1" daemon [_thread_blocked, id=28747, stack(0x00007f946d1cd000,0x00007f946d2ce000)]
  0x00007f94a8011800 JavaThread "shuffle-client-1-1" daemon [_thread_in_native, id=28746, stack(0x00007f946d2ce000,0x00007f946d3cf000)]
  0x00007f949c010800 JavaThread "netty-rpc-connection-0" daemon [_thread_blocked, id=28745, stack(0x00007f946d3cf000,0x00007f946d4d0000)]
  0x00007f948000b000 JavaThread "netty-rpc-env-timeout" daemon [_thread_blocked, id=28740, stack(0x00007f946dad4000,0x00007f946dbd5000)]
  0x0000000002750800 JavaThread "org.apache.hadoop.fs.FileSystem$Statistics$StatisticsDataReferenceCleaner" daemon [_thread_blocked, id=28733, stack(0x00007f946ddd7000,0x00007f946ded8000)]
  0x000000000254d000 JavaThread "map-output-dispatcher-7" daemon [_thread_blocked, id=28723, stack(0x00007f946eae0000,0x00007f946ebe1000)]
  0x000000000254b000 JavaThread "map-output-dispatcher-6" daemon [_thread_blocked, id=28722, stack(0x00007f946ebe1000,0x00007f946ece2000)]
  0x0000000002549000 JavaThread "map-output-dispatcher-5" daemon [_thread_blocked, id=28721, stack(0x00007f946ece2000,0x00007f946ede3000)]
  0x0000000002547000 JavaThread "map-output-dispatcher-4" daemon [_thread_blocked, id=28720, stack(0x00007f946ede3000,0x00007f946eee4000)]
  0x0000000002545000 JavaThread "map-output-dispatcher-3" daemon [_thread_blocked, id=28719, stack(0x00007f946eee4000,0x00007f946efe5000)]
  0x0000000002543800 JavaThread "map-output-dispatcher-2" daemon [_thread_blocked, id=28718, stack(0x00007f946efe5000,0x00007f946f0e6000)]
  0x0000000002542000 JavaThread "map-output-dispatcher-1" daemon [_thread_blocked, id=28717, stack(0x00007f946f0e6000,0x00007f946f1e7000)]
  0x000000000253a000 JavaThread "map-output-dispatcher-0" daemon [_thread_blocked, id=28716, stack(0x00007f946f1e7000,0x00007f946f2e8000)]
  0x0000000002525000 JavaThread "shuffle-server-3-1" daemon [_thread_in_native, id=28715, stack(0x00007f946f2e8000,0x00007f946f3e9000)]
  0x00000000023d8000 JavaThread "dispatcher-event-loop-1" daemon [_thread_blocked, id=28714, stack(0x00007f946f9fc000,0x00007f946fafd000)]
  0x00000000023d7000 JavaThread "dispatcher-event-loop-0" daemon [_thread_blocked, id=28713, stack(0x00007f946feff000,0x00007f9470000000)]
  0x0000000002307000 JavaThread "process reaper" daemon [_thread_blocked, id=28711, stack(0x00007f94954c6000,0x00007f94954ff000)]
  0x00007f947c00c000 JavaThread "Thread-3" daemon [_thread_blocked, id=28709, stack(0x00007f9494a63000,0x00007f9494b64000)]
  0x00007f94c4f86800 JavaThread "redirect output" daemon [_thread_in_native, id=28704, stack(0x00007f9495571000,0x00007f9495672000)]
  0x00007f94c4f85000 JavaThread "process reaper" daemon [_thread_in_native, id=28703, stack(0x00007f9495538000,0x00007f9495571000)]
  0x00007f947c004800 JavaThread "Thread-2" daemon [_thread_in_native, id=28701, stack(0x00007f94948a1000,0x00007f94949a2000)]
  0x00007f94c4ef0000 JavaThread "pool-1-thread-1" [_thread_blocked, id=28699, stack(0x00007f9494b64000,0x00007f9494c65000)]
  0x00007f94c40d5000 JavaThread "Service Thread" daemon [_thread_blocked, id=28697, stack(0x00007f94ac8f1000,0x00007f94ac9f2000)]
  0x00007f94c40d0800 JavaThread "C1 CompilerThread1" daemon [_thread_blocked, id=28696, stack(0x00007f94ac9f2000,0x00007f94acaf3000)]
  0x00007f94c40c3800 JavaThread "C2 CompilerThread0" daemon [_thread_blocked, id=28695, stack(0x00007f94acaf3000,0x00007f94acbf4000)]
  0x00007f94c40c1000 JavaThread "Signal Dispatcher" daemon [_thread_blocked, id=28694, stack(0x00007f94acbf4000,0x00007f94accf5000)]
  0x00007f94c4097800 JavaThread "Finalizer" daemon [_thread_blocked, id=28693, stack(0x00007f94accf5000,0x00007f94acdf6000)]
  0x00007f94c4093000 JavaThread "Reference Handler" daemon [_thread_blocked, id=28692, stack(0x00007f94acdf6000,0x00007f94acef7000)]
  0x00007f94c4012000 JavaThread "main" [_thread_blocked, id=28688, stack(0x00007f94cad71000,0x00007f94cae72000)]

Other Threads:
=>0x00007f94c4089000 VMThread [stack: 0x00007f94acef7000,0x00007f94acff8000] [id=28691]
  0x00007f94c40d8000 WatcherThread [stack: 0x00007f94ac7f0000,0x00007f94ac8f1000] [id=28698]

VM state:at safepoint (normal execution)

VM Mutex/Monitor currently owned by a thread:  ([mutex/lock_event])
[0x00007f94c400f340] Threads_lock - owner thread: 0x00007f94c4089000
[0x00007f94c400f840] Heap_lock - owner thread: 0x0000000002542000

Heap:
 PSYoungGen      total 174592K, used 22928K [0x00000000eab00000, 0x00000000f8080000, 0x0000000100000000)
  eden space 150016K, 0% used [0x00000000eab00000,0x00000000eab00000,0x00000000f3d80000)
  from space 24576K, 93% used [0x00000000f3d80000,0x00000000f53e40b8,0x00000000f5580000)
  to   space 18432K, 0% used [0x00000000f5580000,0x00000000f5580000,0x00000000f6780000)
 ParOldGen       total 77824K, used 67984K [0x00000000c0000000, 0x00000000c4c00000, 0x00000000eab00000)
  object space 77824K, 87% used [0x00000000c0000000,0x00000000c4264108,0x00000000c4c00000)
 Metaspace       used 44537K, capacity 45040K, committed 45184K, reserved 1087488K
  class space    used 6102K, capacity 6250K, committed 6272K, reserved 1048576K

Card table byte_map: [0x00007f94b4836000,0x00007f94b4a37000] byte_map_base: 0x00007f94b4236000

Marking Bits: (ParMarkBitMap*) 0x00007f94ca03e340
 Begin Bits: [0x00007f94ae000000, 0x00007f94af000000)
 End Bits:   [0x00007f94af000000, 0x00007f94b0000000)

Polling page: 0x00007f94cae7f000

CodeCache: size=245760Kb used=8358Kb max_used=8368Kb free=237402Kb
 bounds [0x00007f94b4df7000, 0x00007f94b5637000, 0x00007f94c3df7000]
 total_blobs=3520 nmethods=2965 adapters=468
 compilation: enabled

Compilation events (10 events):
Event: 27.073 Thread 0x00007f94c40d0800 nmethod 3318 0x00007f94b5052a50 code [0x00007f94b5052c60, 0x00007f94b5053338]
Event: 27.073 Thread 0x00007f94c40d0800 3317       3       java.util.Arrays::sort (37 bytes)
Event: 27.073 Thread 0x00007f94c40d0800 nmethod 3317 0x00007f94b5052350 code [0x00007f94b5052500, 0x00007f94b5052878]
Event: 27.077 Thread 0x00007f94c40d0800 3320       3       sun.reflect.ClassFileAssembler::opc_dup (11 bytes)
Event: 27.077 Thread 0x00007f94c40d0800 nmethod 3320 0x00007f94b51b9510 code [0x00007f94b51b96a0, 0x00007f94b51b99e8]
Event: 27.077 Thread 0x00007f94c40d0800 3321       3       sun.reflect.ClassFileAssembler::<init> (8 bytes)
Event: 27.077 Thread 0x00007f94c40d0800 nmethod 3321 0x00007f94b562bb90 code [0x00007f94b562bd20, 0x00007f94b562c1d0]
Event: 27.078 Thread 0x00007f94c40d0800 3322       3       sun.reflect.ClassFileAssembler::append (9 bytes)
Event: 27.081 Thread 0x00007f94c40d0800 nmethod 3322 0x00007f94b562afd0 code [0x00007f94b562b1a0, 0x00007f94b562b6d8]
Event: 27.082 Thread 0x00007f94c40d0800 3324   !   3       java.util.concurrent.locks.AbstractQueuedSynchronizer::acquireQueued (93 bytes)

GC Heap History (10 events):
Event: 2.424 GC heap after
Heap after GC invocations=6 (full 1):
 PSYoungGen      total 64000K, used 0K [0x00000000eab00000, 0x00000000f3100000, 0x0000000100000000)
  eden space 61440K, 0% used [0x00000000eab00000,0x00000000eab00000,0x00000000ee700000)
  from space 2560K, 0% used [0x00000000ee700000,0x00000000ee700000,0x00000000ee980000)
  to   space 7168K, 0% used [0x00000000f2a00000,0x00000000f2a00000,0x00000000f3100000)
 ParOldGen       total 34304K, used 7047K [0x00000000c0000000, 0x00000000c2180000, 0x00000000eab00000)
  object space 34304K, 20% used [0x00000000c0000000,0x00000000c06e1c68,0x00000000c2180000)
 Metaspace       used 20929K, capacity 21128K, committed 21296K, reserved 1067008K
  class space    used 2798K, capacity 2885K, committed 2944K, reserved 1048576K
}
Event: 3.058 GC heap before
{Heap before GC invocations=7 (full 1):
 PSYoungGen      total 64000K, used 61440K [0x00000000eab00000, 0x00000000f3100000, 0x0000000100000000)
  eden space 61440K, 100% used [0x00000000eab00000,0x00000000ee700000,0x00000000ee700000)
  from space 2560K, 0% used [0x00000000ee700000,0x00000000ee700000,0x00000000ee980000)
  to   space 7168K, 0% used [0x00000000f2a00000,0x00000000f2a00000,0x00000000f3100000)
 ParOldGen       total 34304K, used 7047K [0x00000000c0000000, 0x00000000c2180000, 0x00000000eab00000)
  object space 34304K, 20% used [0x00000000c0000000,0x00000000c06e1c68,0x00000000c2180000)
 Metaspace       used 27258K, capacity 27436K, committed 27904K, reserved 1073152K
  class space    used 3649K, capacity 3723K, committed 3840K, reserved 1048576K
Event: 3.066 GC heap after
Heap after GC invocations=7 (full 1):
 PSYoungGen      total 102912K, used 7138K [0x00000000eab00000, 0x00000000f3100000, 0x0000000100000000)
  eden space 95744K, 0% used [0x00000000eab00000,0x00000000eab00000,0x00000000f0880000)
  from space 7168K, 99% used [0x00000000f2a00000,0x00000000f30f88a0,0x00000000f3100000)
  to   space 8192K, 0% used [0x00000000f2100000,0x00000000f2100000,0x00000000f2900000)
 ParOldGen       total 34304K, used 7354K [0x00000000c0000000, 0x00000000c2180000, 0x00000000eab00000)
  object space 34304K, 21% used [0x00000000c0000000,0x00000000c072e970,0x00000000c2180000)
 Metaspace       used 27258K, capacity 27436K, committed 27904K, reserved 1073152K
  class space    used 3649K, capacity 3723K, committed 3840K, reserved 1048576K
}
Event: 3.811 GC heap before
{Heap before GC invocations=8 (full 1):
 PSYoungGen      total 102912K, used 102882K [0x00000000eab00000, 0x00000000f3100000, 0x0000000100000000)
  eden space 95744K, 100% used [0x00000000eab00000,0x00000000f0880000,0x00000000f0880000)
  from space 7168K, 99% used [0x00000000f2a00000,0x00000000f30f88a0,0x00000000f3100000)
  to   space 8192K, 0% used [0x00000000f2100000,0x00000000f2100000,0x00000000f2900000)
 ParOldGen       total 34304K, used 7354K [0x00000000c0000000, 0x00000000c2180000, 0x00000000eab00000)
  object space 34304K, 21% used [0x00000000c0000000,0x00000000c072e970,0x00000000c2180000)
 Metaspace       used 33782K, capacity 34022K, committed 34176K, reserved 1079296K
  class space    used 4537K, capacity 4626K, committed 4736K, reserved 1048576K
Event: 3.839 GC heap after
Heap after GC invocations=8 (full 1):
 PSYoungGen      total 129024K, used 8184K [0x00000000eab00000, 0x00000000f6780000, 0x0000000100000000)
  eden space 120832K, 0% used [0x00000000eab00000,0x00000000eab00000,0x00000000f2100000)
  from space 8192K, 99% used [0x00000000f2100000,0x00000000f28fe198,0x00000000f2900000)
  to   space 18432K, 0% used [0x00000000f5580000,0x00000000f5580000,0x00000000f6780000)
 ParOldGen       total 34304K, used 25008K [0x00000000c0000000, 0x00000000c2180000, 0x00000000eab00000)
  object space 34304K, 72% used [0x00000000c0000000,0x00000000c186c258,0x00000000c2180000)
 Metaspace       used 33782K, capacity 34022K, committed 34176K, reserved 1079296K
  class space    used 4537K, capacity 4626K, committed 4736K, reserved 1048576K
}
Event: 3.839 GC heap before
{Heap before GC invocations=9 (full 2):
 PSYoungGen      total 129024K, used 8184K [0x00000000eab00000, 0x00000000f6780000, 0x0000000100000000)
  eden space 120832K, 0% used [0x00000000eab00000,0x00000000eab00000,0x00000000f2100000)
  from space 8192K, 99% used [0x00000000f2100000,0x00000000f28fe198,0x00000000f2900000)
  to   space 18432K, 0% used [0x00000000f5580000,0x00000000f5580000,0x00000000f6780000)
 ParOldGen       total 34304K, used 25008K [0x00000000c0000000, 0x00000000c2180000, 0x00000000eab00000)
  object space 34304K, 72% used [0x00000000c0000000,0x00000000c186c258,0x00000000c2180000)
 Metaspace       used 33782K, capacity 34022K, committed 34176K, reserved 1079296K
  class space    used 4537K, capacity 4626K, committed 4736K, reserved 1048576K
Event: 3.913 GC heap after
Heap after GC invocations=9 (full 2):
 PSYoungGen      total 129024K, used 0K [0x00000000eab00000, 0x00000000f6780000, 0x0000000100000000)
  eden space 120832K, 0% used [0x00000000eab00000,0x00000000eab00000,0x00000000f2100000)
  from space 8192K, 0% used [0x00000000f2100000,0x00000000f2100000,0x00000000f2900000)
  to   space 18432K, 0% used [0x00000000f5580000,0x00000000f5580000,0x00000000f6780000)
 ParOldGen       total 77824K, used 29166K [0x00000000c0000000, 0x00000000c4c00000, 0x00000000eab00000)
  object space 77824K, 37% used [0x00000000c0000000,0x00000000c1c7bac0,0x00000000c4c00000)
 Metaspace       used 33782K, capacity 34022K, committed 34176K, reserved 1079296K
  class space    used 4537K, capacity 4626K, committed 4736K, reserved 1048576K
}
Event: 5.175 GC heap before
{Heap before GC invocations=10 (full 2):
 PSYoungGen      total 129024K, used 113488K [0x00000000eab00000, 0x00000000f6780000, 0x0000000100000000)
  eden space 120832K, 93% used [0x00000000eab00000,0x00000000f19d4210,0x00000000f2100000)
  from space 8192K, 0% used [0x00000000f2100000,0x00000000f2100000,0x00000000f2900000)
  to   space 18432K, 0% used [0x00000000f5580000,0x00000000f5580000,0x00000000f6780000)
 ParOldGen       total 77824K, used 29166K [0x00000000c0000000, 0x00000000c4c00000, 0x00000000eab00000)
  object space 77824K, 37% used [0x00000000c0000000,0x00000000c1c7bac0,0x00000000c4c00000)
 Metaspace       used 41053K, capacity 41416K, committed 41600K, reserved 1085440K
  class space    used 5575K, capacity 5678K, committed 5760K, reserved 1048576K
Event: 5.204 GC heap after
Heap after GC invocations=10 (full 2):
 PSYoungGen      total 168448K, used 18413K [0x00000000eab00000, 0x00000000f8080000, 0x0000000100000000)
  eden space 150016K, 0% used [0x00000000eab00000,0x00000000eab00000,0x00000000f3d80000)
  from space 18432K, 99% used [0x00000000f5580000,0x00000000f677b7f8,0x00000000f6780000)
  to   space 24576K, 0% used [0x00000000f3d80000,0x00000000f3d80000,0x00000000f5580000)
 ParOldGen       total 77824K, used 35208K [0x00000000c0000000, 0x00000000c4c00000, 0x00000000eab00000)
  object space 77824K, 45% used [0x00000000c0000000,0x00000000c22620e8,0x00000000c4c00000)
 Metaspace       used 41053K, capacity 41416K, committed 41600K, reserved 1085440K
  class space    used 5575K, capacity 5678K, committed 5760K, reserved 1048576K
}
Event: 27.083 GC heap before
{Heap before GC invocations=11 (full 2):
 PSYoungGen      total 168448K, used 168429K [0x00000000eab00000, 0x00000000f8080000, 0x0000000100000000)
  eden space 150016K, 100% used [0x00000000eab00000,0x00000000f3d80000,0x00000000f3d80000)
  from space 18432K, 99% used [0x00000000f5580000,0x00000000f677b7f8,0x00000000f6780000)
  to   space 24576K, 0% used [0x00000000f3d80000,0x00000000f3d80000,0x00000000f5580000)
 ParOldGen       total 77824K, used 35208K [0x00000000c0000000, 0x00000000c4c00000, 0x00000000eab00000)
  object space 77824K, 45% used [0x00000000c0000000,0x00000000c22620e8,0x00000000c4c00000)
 Metaspace       used 44537K, capacity 45040K, committed 45184K, reserved 1087488K
  class space    used 6102K, capacity 6250K, committed 6272K, reserved 1048576K

Deoptimization events (10 events):
Event: 9.240 Thread 0x00007f9470036800 Uncommon trap: reason=unstable_if action=reinterpret pc=0x00007f94b558af0c method=java.io.ObjectInputStream$BlockDataInputStream.readUTFSpan(Ljava/lang/StringBuilder;J)J @ 35
Event: 9.356 Thread 0x00000000023d7000 Uncommon trap: reason=bimorphic action=maybe_recompile pc=0x00007f94b5485f00 method=java.io.DataOutputStream.write([BII)V @ 7
Event: 9.356 Thread 0x00000000023d7000 Uncommon trap: reason=bimorphic action=maybe_recompile pc=0x00007f94b5485f00 method=java.io.DataOutputStream.write([BII)V @ 7
Event: 21.196 Thread 0x000000000265e000 Uncommon trap: reason=unstable_if action=reinterpret pc=0x00007f94b54c0520 method=java.lang.CharacterDataLatin1.isWhitespace(I)Z @ 14
Event: 21.211 Thread 0x000000000265e000 Uncommon trap: reason=bimorphic action=maybe_recompile pc=0x00007f94b553000c method=java.net.URL.<init>(Ljava/net/URL;Ljava/lang/String;Ljava/net/URLStreamHandler;)V @ 504
Event: 21.211 Thread 0x000000000265e000 Uncommon trap: reason=bimorphic action=maybe_recompile pc=0x00007f94b553000c method=java.net.URL.<init>(Ljava/net/URL;Ljava/lang/String;Ljava/net/URLStreamHandler;)V @ 504
Event: 22.096 Thread 0x0000000002661800 Uncommon trap: reason=unstable_if action=reinterpret pc=0x00007f94b524ed30 method=org.apache.xerces.impl.XMLEntityScanner.skipString(Ljava/lang/String;)Z @ 65
Event: 22.180 Thread 0x0000000002661800 Uncommon trap: reason=unstable_if action=reinterpret pc=0x00007f94b52ac29c method=sun.nio.cs.UTF_8$Encoder.encodeArrayLoop(Ljava/nio/CharBuffer;Ljava/nio/ByteBuffer;)Ljava/nio/charset/CoderResult; @ 113
Event: 26.876 Thread 0x0000000002663800 Uncommon trap: reason=bimorphic action=maybe_recompile pc=0x00007f94b553000c method=java.net.URL.<init>(Ljava/net/URL;Ljava/lang/String;Ljava/net/URLStreamHandler;)V @ 504
Event: 26.876 Thread 0x0000000002663800 Uncommon trap: reason=bimorphic action=maybe_recompile pc=0x00007f94b553000c method=java.net.URL.<init>(Ljava/net/URL;Ljava/lang/String;Ljava/net/URLStreamHandler;)V @ 504

Internal exceptions (10 events):
Event: 9.335 Thread 0x00007f947c00c000 Exception <a 'java/lang/NoSuchMethodError': <clinit>> (0x00000000ee61b7d0) thrown at [/builddir/build/BUILD/java-1.8.0-openjdk-1.8.0.121-0.b13.el7_3.x86_64/openjdk/hotspot/src/share/vm/prims/jni.cpp, line 1613]
Event: 9.336 Thread 0x00007f947c00c000 Exception <a 'java/lang/NoSuchMethodError': <clinit>> (0x00000000ee62fa40) thrown at [/builddir/build/BUILD/java-1.8.0-openjdk-1.8.0.121-0.b13.el7_3.x86_64/openjdk/hotspot/src/share/vm/prims/jni.cpp, line 1613]
Event: 9.338 Thread 0x00007f947c00c000 Exception <a 'java/lang/NoSuchMethodError': <clinit>> (0x00000000ee64f718) thrown at [/builddir/build/BUILD/java-1.8.0-openjdk-1.8.0.121-0.b13.el7_3.x86_64/openjdk/hotspot/src/share/vm/prims/jni.cpp, line 1613]
Event: 9.338 Thread 0x00007f947c00c000 Exception <a 'java/lang/NoSuchMethodError': <clinit>> (0x00000000ee651bb0) thrown at [/builddir/build/BUILD/java-1.8.0-openjdk-1.8.0.121-0.b13.el7_3.x86_64/openjdk/hotspot/src/share/vm/prims/jni.cpp, line 1613]
Event: 9.338 Thread 0x00007f947c00c000 Exception <a 'java/lang/NoSuchMethodError': <clinit>> (0x00000000ee654ee0) thrown at [/builddir/build/BUILD/java-1.8.0-openjdk-1.8.0.121-0.b13.el7_3.x86_64/openjdk/hotspot/src/share/vm/prims/jni.cpp, line 1613]
Event: 17.382 Thread 0x0000000002525000 Exception <a 'java/lang/NoSuchMethodError': <clinit>> (0x00000000eeeb2dc8) thrown at [/builddir/build/BUILD/java-1.8.0-openjdk-1.8.0.121-0.b13.el7_3.x86_64/openjdk/hotspot/src/share/vm/prims/jni.cpp, line 1613]
Event: 17.386 Thread 0x0000000002525000 Exception <a 'java/lang/NoSuchMethodError': <clinit>> (0x00000000eefc14c8) thrown at [/builddir/build/BUILD/java-1.8.0-openjdk-1.8.0.121-0.b13.el7_3.x86_64/openjdk/hotspot/src/share/vm/prims/jni.cpp, line 1613]
Event: 17.399 Thread 0x00007f947c00e000 Exception <a 'java/lang/NoSuchMethodError': <clinit>> (0x00000000ef0a7498) thrown at [/builddir/build/BUILD/java-1.8.0-openjdk-1.8.0.121-0.b13.el7_3.x86_64/openjdk/hotspot/src/share/vm/prims/jni.cpp, line 1613]
Event: 27.063 Thread 0x0000000002a52000 Exception <a 'java/lang/InterruptedException'> (0x00000000f3b634c8) thrown at [/builddir/build/BUILD/java-1.8.0-openjdk-1.8.0.121-0.b13.el7_3.x86_64/openjdk/hotspot/src/share/vm/runtime/objectMonitor.cpp, line 1684]
Event: 27.077 Thread 0x00000000023d8000 Exception <a 'java/lang/NoSuchMethodError': <clinit>> (0x00000000f3c9dfc8) thrown at [/builddir/build/BUILD/java-1.8.0-openjdk-1.8.0.121-0.b13.el7_3.x86_64/openjdk/hotspot/src/share/vm/prims/jni.cpp, line 1613]

Events (10 events):
Event: 27.081 loading class org/apache/spark/SparkContext$$anonfun$stop$10$$anonfun$apply$mcV$sp$6
Event: 27.081 loading class org/apache/spark/SparkContext$$anonfun$stop$10$$anonfun$apply$mcV$sp$6 done
Event: 27.081 Executing VM operation: RevokeBias
Event: 27.081 Executing VM operation: RevokeBias done
Event: 27.081 Thread 0x00007f947c053800 Thread exited: 0x00007f947c053800
Event: 27.082 loading class org/apache/spark/SparkContext$$anonfun$stop$11
Event: 27.082 loading class org/apache/spark/SparkContext$$anonfun$stop$11 done
Event: 27.082 loading class org/apache/spark/SparkEnv$$anonfun$stop$1
Event: 27.082 loading class org/apache/spark/SparkEnv$$anonfun$stop$1 done
Event: 27.083 Executing VM operation: ParallelGCFailedAllocation


Dynamic libraries:
00400000-00401000 r-xp 00000000 fd:01 1065469                            /usr/lib/jvm/java-1.8.0-openjdk-1.8.0.121-0.b13.el7_3.x86_64/jre/bin/java
00600000-00601000 r--p 00000000 fd:01 1065469                            /usr/lib/jvm/java-1.8.0-openjdk-1.8.0.121-0.b13.el7_3.x86_64/jre/bin/java
00601000-00602000 rw-p 00001000 fd:01 1065469                            /usr/lib/jvm/java-1.8.0-openjdk-1.8.0.121-0.b13.el7_3.x86_64/jre/bin/java
020bf000-02dfe000 rw-p 00000000 00:00 0                                  [heap]
c0000000-c4c00000 rw-p 00000000 00:00 0 
c4c00000-eab00000 ---p 00000000 00:00 0 
eab00000-f8080000 rw-p 00000000 00:00 0 
f9300000-100000000 ---p 00000000 00:00 0 
100000000-100620000 rw-p 00000000 00:00 0 
100620000-140000000 ---p 00000000 00:00 0 
7f94676a5000-7f94676a8000 ---p 00000000 00:00 0 
7f94676a8000-7f94677a6000 rw-p 00000000 00:00 0 
7f94677a6000-7f94677a9000 ---p 00000000 00:00 0 
7f94677a9000-7f94678a7000 rw-p 00000000 00:00 0 
7f94678a7000-7f94678aa000 ---p 00000000 00:00 0 
7f94678aa000-7f94679a8000 rw-p 00000000 00:00 0 
7f94679a8000-7f94679ab000 ---p 00000000 00:00 0 
7f94679ab000-7f9467aa9000 rw-p 00000000 00:00 0 
7f9467aa9000-7f9467aac000 ---p 00000000 00:00 0 
7f9467aac000-7f9467baa000 rw-p 00000000 00:00 0 
7f9467baa000-7f9467bad000 ---p 00000000 00:00 0 
7f9467bad000-7f9467eab000 rw-p 00000000 00:00 0 
7f9467eab000-7f9467eae000 ---p 00000000 00:00 0 
7f9467eae000-7f9468fad000 rw-p 00000000 00:00 0 
7f9468fad000-7f9468fb0000 ---p 00000000 00:00 0 
7f9468fb0000-7f946b0b0000 rw-p 00000000 00:00 0                          [stack:28754]
7f946b0b0000-7f946b0b3000 ---p 00000000 00:00 0 
7f946b0b3000-7f946b3b1000 rw-p 00000000 00:00 0                          [stack:28753]
7f946b3b1000-7f946b5b1000 rw-p 00000000 00:00 0 
7f946b5b1000-7f946b5be000 r-xp 00000000 fd:01 269479                     /tmp/liblz4-java1190224603216668854.so
7f946b5be000-7f946b7bd000 ---p 0000d000 fd:01 269479                     /tmp/liblz4-java1190224603216668854.so
7f946b7bd000-7f946b7be000 rw-p 0000c000 fd:01 269479                     /tmp/liblz4-java1190224603216668854.so
7f946b7be000-7f946b7c1000 ---p 00000000 00:00 0 
7f946b7c1000-7f946b8bf000 rw-p 00000000 00:00 0 
7f946b8bf000-7f946b8c2000 ---p 00000000 00:00 0 
7f946b8c2000-7f946b9c0000 rw-p 00000000 00:00 0 
7f946b9c0000-7f946b9c3000 ---p 00000000 00:00 0 
7f946b9c3000-7f946bcc1000 rw-p 00000000 00:00 0 
7f946bccb000-7f946becb000 rw-p 00000000 00:00 0 
7f946becb000-7f946c0cb000 rw-p 00000000 00:00 0 
7f946c0cb000-7f946c0ce000 ---p 00000000 00:00 0 
7f946c0ce000-7f946d1cd000 rw-p 00000000 00:00 0                          [stack:28748]
7f946d1cd000-7f946d1d0000 ---p 00000000 00:00 0 
7f946d1d0000-7f946d2ce000 rw-p 00000000 00:00 0                          [stack:28747]
7f946d2ce000-7f946d2d1000 ---p 00000000 00:00 0 
7f946d2d1000-7f946d3cf000 rw-p 00000000 00:00 0                          [stack:28746]
7f946d3cf000-7f946d3d2000 ---p 00000000 00:00 0 
7f946d3d2000-7f946d4d0000 rw-p 00000000 00:00 0                          [stack:28745]
7f946d4d0000-7f946d4d3000 ---p 00000000 00:00 0 
7f946d4d3000-7f946d5d1000 rw-p 00000000 00:00 0 
7f946d5d1000-7f946d5d4000 ---p 00000000 00:00 0 
7f946d5d4000-7f946d6d2000 rw-p 00000000 00:00 0 
7f946d6d2000-7f946d6d5000 ---p 00000000 00:00 0 
7f946d6d5000-7f946d7d3000 rw-p 00000000 00:00 0 
7f946d7d3000-7f946d7d6000 ---p 00000000 00:00 0 
7f946d7d6000-7f946dad4000 rw-p 00000000 00:00 0 
7f946dad4000-7f946dad7000 ---p 00000000 00:00 0 
7f946dad7000-7f946dbd5000 rw-p 00000000 00:00 0                          [stack:28740]
7f946dbd5000-7f946dbd8000 ---p 00000000 00:00 0 
7f946dbd8000-7f946dcd6000 rw-p 00000000 00:00 0 
7f946dcd6000-7f946dcd9000 ---p 00000000 00:00 0 
7f946dcd9000-7f946ddd7000 rw-p 00000000 00:00 0 
7f946ddd7000-7f946ddda000 ---p 00000000 00:00 0 
7f946ddda000-7f946e0d8000 rw-p 00000000 00:00 0                          [stack:28733]
7f946e0d8000-7f946e0db000 ---p 00000000 00:00 0 
7f946e0db000-7f946e1d9000 rw-p 00000000 00:00 0 
7f946e1d9000-7f946e1dc000 ---p 00000000 00:00 0 
7f946e1dc000-7f946e2da000 rw-p 00000000 00:00 0 
7f946e2da000-7f946e2dd000 ---p 00000000 00:00 0 
7f946e2dd000-7f946e3db000 rw-p 00000000 00:00 0 
7f946e3db000-7f946e3de000 ---p 00000000 00:00 0 
7f946e3de000-7f946e4dc000 rw-p 00000000 00:00 0 
7f946e4dc000-7f946e4df000 ---p 00000000 00:00 0 
7f946e4df000-7f946e5dd000 rw-p 00000000 00:00 0 
7f946e5dd000-7f946e5e0000 ---p 00000000 00:00 0 
7f946e5e0000-7f946e6de000 rw-p 00000000 00:00 0 
7f946e6de000-7f946e6e1000 ---p 00000000 00:00 0 
7f946e6e1000-7f946e7df000 rw-p 00000000 00:00 0 
7f946e7df000-7f946e7e2000 ---p 00000000 00:00 0 
7f946e7e2000-7f946eae0000 rw-p 00000000 00:00 0 
7f946eae0000-7f946eae3000 ---p 00000000 00:00 0 
7f946eae3000-7f946ebe1000 rw-p 00000000 00:00 0                          [stack:28723]
7f946ebe1000-7f946ebe4000 ---p 00000000 00:00 0 
7f946ebe4000-7f946ece2000 rw-p 00000000 00:00 0                          [stack:28722]
7f946ece2000-7f946ece5000 ---p 00000000 00:00 0 
7f946ece5000-7f946ede3000 rw-p 00000000 00:00 0                          [stack:28721]
7f946ede3000-7f946ede6000 ---p 00000000 00:00 0 
7f946ede6000-7f946eee4000 rw-p 00000000 00:00 0                          [stack:28720]
7f946eee4000-7f946eee7000 ---p 00000000 00:00 0 
7f946eee7000-7f946efe5000 rw-p 00000000 00:00 0                          [stack:28719]
7f946efe5000-7f946efe8000 ---p 00000000 00:00 0 
7f946efe8000-7f946f0e6000 rw-p 00000000 00:00 0                          [stack:28718]
7f946f0e6000-7f946f0e9000 ---p 00000000 00:00 0 
7f946f0e9000-7f946f1e7000 rw-p 00000000 00:00 0                          [stack:28717]
7f946f1e7000-7f946f1ea000 ---p 00000000 00:00 0 
7f946f1ea000-7f946f2e8000 rw-p 00000000 00:00 0                          [stack:28716]
7f946f2e8000-7f946f2eb000 ---p 00000000 00:00 0 
7f946f2eb000-7f946f5e9000 rw-p 00000000 00:00 0                          [stack:28715]
7f946f5e9000-7f946f5fb000 r-xp 00000000 fd:01 1065507                    /usr/lib/jvm/java-1.8.0-openjdk-1.8.0.121-0.b13.el7_3.x86_64/jre/lib/amd64/libnio.so
7f946f5fb000-7f946f7fa000 ---p 00012000 fd:01 1065507                    /usr/lib/jvm/java-1.8.0-openjdk-1.8.0.121-0.b13.el7_3.x86_64/jre/lib/amd64/libnio.so
7f946f7fa000-7f946f7fb000 r--p 00011000 fd:01 1065507                    /usr/lib/jvm/java-1.8.0-openjdk-1.8.0.121-0.b13.el7_3.x86_64/jre/lib/amd64/libnio.so
7f946f7fb000-7f946f7fc000 rw-p 00012000 fd:01 1065507                    /usr/lib/jvm/java-1.8.0-openjdk-1.8.0.121-0.b13.el7_3.x86_64/jre/lib/amd64/libnio.so
7f946f7fc000-7f946f9fc000 rw-p 00000000 00:00 0 
7f946f9fc000-7f946f9ff000 ---p 00000000 00:00 0 
7f946f9ff000-7f946fafd000 rw-p 00000000 00:00 0                          [stack:28714]
7f946fafd000-7f946fafe000 r-xp 00000000 fd:01 1065495                    /usr/lib/jvm/java-1.8.0-openjdk-1.8.0.121-0.b13.el7_3.x86_64/jre/lib/amd64/libjaas_unix.so
7f946fafe000-7f946fcfd000 ---p 00001000 fd:01 1065495                    /usr/lib/jvm/java-1.8.0-openjdk-1.8.0.121-0.b13.el7_3.x86_64/jre/lib/amd64/libjaas_unix.so
7f946fcfd000-7f946fcfe000 r--p 00000000 fd:01 1065495                    /usr/lib/jvm/java-1.8.0-openjdk-1.8.0.121-0.b13.el7_3.x86_64/jre/lib/amd64/libjaas_unix.so
7f946fcfe000-7f946fcff000 rw-p 00001000 fd:01 1065495                    /usr/lib/jvm/java-1.8.0-openjdk-1.8.0.121-0.b13.el7_3.x86_64/jre/lib/amd64/libjaas_unix.so
7f946fcff000-7f946feff000 rw-p 00000000 00:00 0 
7f946feff000-7f946ff02000 ---p 00000000 00:00 0 
7f946ff02000-7f9470000000 rw-p 00000000 00:00 0                          [stack:28713]
7f9470000000-7f947008a000 rw-p 00000000 00:00 0 
7f947008a000-7f9474000000 ---p 00000000 00:00 0 
7f9474000000-7f94740a9000 rw-p 00000000 00:00 0 
7f94740a9000-7f9478000000 ---p 00000000 00:00 0 
7f9478000000-7f9478083000 rw-p 00000000 00:00 0 
7f9478083000-7f947c000000 ---p 00000000 00:00 0 
7f947c000000-7f947c0c1000 rw-p 00000000 00:00 0 
7f947c0c1000-7f9480000000 ---p 00000000 00:00 0 
7f9480000000-7f9480027000 rw-p 00000000 00:00 0 
7f9480027000-7f9484000000 ---p 00000000 00:00 0 
7f9484000000-7f9484021000 rw-p 00000000 00:00 0 
7f9484021000-7f9488000000 ---p 00000000 00:00 0 
7f9488000000-7f9489847000 rw-p 00000000 00:00 0 
7f9489847000-7f948c000000 ---p 00000000 00:00 0 
7f948c000000-7f948c9cd000 rw-p 00000000 00:00 0 
7f948c9cd000-7f9490000000 ---p 00000000 00:00 0 
7f9490000000-7f9490021000 rw-p 00000000 00:00 0 
7f9490021000-7f9494000000 ---p 00000000 00:00 0 
7f9494017000-7f9494217000 rw-p 00000000 00:00 0 
7f9494217000-7f9494220000 r-xp 00000000 fd:01 1065504                    /usr/lib/jvm/java-1.8.0-openjdk-1.8.0.121-0.b13.el7_3.x86_64/jre/lib/amd64/libmanagement.so
7f9494220000-7f949441f000 ---p 00009000 fd:01 1065504                    /usr/lib/jvm/java-1.8.0-openjdk-1.8.0.121-0.b13.el7_3.x86_64/jre/lib/amd64/libmanagement.so
7f949441f000-7f9494420000 r--p 00008000 fd:01 1065504                    /usr/lib/jvm/java-1.8.0-openjdk-1.8.0.121-0.b13.el7_3.x86_64/jre/lib/amd64/libmanagement.so
7f9494420000-7f9494421000 rw-p 00009000 fd:01 1065504                    /usr/lib/jvm/java-1.8.0-openjdk-1.8.0.121-0.b13.el7_3.x86_64/jre/lib/amd64/libmanagement.so
7f9494421000-7f9494621000 rw-p 00000000 00:00 0 
7f9494621000-7f94946a1000 r--s 005dd000 fd:01 1068857                    /home/spark/env/spark-2.1.0-bin-hadoop2.7/jars/spark-sql_2.11-2.1.0.jar
7f94946a1000-7f94948a1000 rw-p 00000000 00:00 0 
7f94948a1000-7f94948a4000 ---p 00000000 00:00 0 
7f94948a4000-7f94949a2000 rw-p 00000000 00:00 0                          [stack:28701]
7f94949b5000-7f94949b6000 rw-p 00000000 00:00 0 
7f94949b6000-7f94949ba000 r--s 000b3000 fd:01 1065556                    /usr/lib/jvm/java-1.8.0-openjdk-1.8.0.121-0.b13.el7_3.x86_64/jre/lib/jsse.jar
7f94949ba000-7f9494a63000 r--s 00a4f000 fd:01 1068922                    /home/spark/env/spark-2.1.0-bin-hadoop2.7/jars/hive-exec-1.2.1.spark2.jar
7f9494a63000-7f9494a66000 ---p 00000000 00:00 0 
7f9494a66000-7f9494b64000 rw-p 00000000 00:00 0                          [stack:28709]
7f9494b64000-7f9494b67000 ---p 00000000 00:00 0 
7f9494b67000-7f9494c65000 rw-p 00000000 00:00 0                          [stack:28699]
7f9494c65000-7f9494c9a000 r--s 00000000 fd:01 401548                     /var/db/nscd/hosts
7f9494c9a000-7f949529b000 rw-p 00000000 00:00 0 
7f949529b000-7f94952b2000 r-xp 00000000 fd:01 1065506                    /usr/lib/jvm/java-1.8.0-openjdk-1.8.0.121-0.b13.el7_3.x86_64/jre/lib/amd64/libnet.so
7f94952b2000-7f94954b1000 ---p 00017000 fd:01 1065506                    /usr/lib/jvm/java-1.8.0-openjdk-1.8.0.121-0.b13.el7_3.x86_64/jre/lib/amd64/libnet.so
7f94954b1000-7f94954b2000 r--p 00016000 fd:01 1065506                    /usr/lib/jvm/java-1.8.0-openjdk-1.8.0.121-0.b13.el7_3.x86_64/jre/lib/amd64/libnet.so
7f94954b2000-7f94954b3000 rw-p 00017000 fd:01 1065506                    /usr/lib/jvm/java-1.8.0-openjdk-1.8.0.121-0.b13.el7_3.x86_64/jre/lib/amd64/libnet.so
7f94954b3000-7f94954c6000 r--s 00346000 fd:01 1065569                    /usr/lib/jvm/java-1.8.0-openjdk-1.8.0.121-0.b13.el7_3.x86_64/jre/lib/resources.jar
7f94954c6000-7f94954c9000 ---p 00000000 00:00 0 
7f94954c9000-7f94954ff000 rw-p 00000000 00:00 0                          [stack:28711]
7f94954ff000-7f9495505000 r--s 0002c000 fd:01 1068933                    /home/spark/env/spark-2.1.0-bin-hadoop2.7/jars/jdo-api-3.0.1.jar
7f9495505000-7f949551b000 r--s 000d1000 fd:01 1068805                    /home/spark/env/spark-2.1.0-bin-hadoop2.7/jars/parquet-column-1.8.1.jar
7f949551b000-7f949551e000 r--s 00019000 fd:01 1068769                    /home/spark/env/spark-2.1.0-bin-hadoop2.7/jars/bonecp-0.8.0.RELEASE.jar
7f949551e000-7f949551f000 r--s 00008000 fd:01 1068952                    /home/spark/env/spark-2.1.0-bin-hadoop2.7/jars/commons-compiler-3.0.0.jar
7f949551f000-7f949552d000 r--s 0009d000 fd:01 1068822                    /home/spark/env/spark-2.1.0-bin-hadoop2.7/jars/spark-graphx_2.11-2.1.0.jar
7f949552d000-7f9495533000 r--s 00044000 fd:01 1068901                    /home/spark/env/spark-2.1.0-bin-hadoop2.7/jars/antlr4-runtime-4.5.3.jar
7f9495533000-7f9495538000 r--s 00033000 fd:01 1068844                    /home/spark/env/spark-2.1.0-bin-hadoop2.7/jars/libthrift-0.9.2.jar
7f9495538000-7f949553b000 ---p 00000000 00:00 0 
7f949553b000-7f9495571000 rw-p 00000000 00:00 0                          [stack:28703]
7f9495571000-7f9495574000 ---p 00000000 00:00 0 
7f9495574000-7f9495672000 rw-p 00000000 00:00 0                          [stack:28704]
7f9495672000-7f94956a8000 r--s 0031c000 fd:01 1068788                    /home/spark/env/spark-2.1.0-bin-hadoop2.7/jars/hadoop-common-2.7.3.jar
7f94956a8000-7f94956ac000 r--s 00028000 fd:01 1068780                    /home/spark/env/spark-2.1.0-bin-hadoop2.7/jars/spark-mllib-local_2.11-2.1.0.jar
7f94956ac000-7f94956ae000 r--s 00003000 fd:01 1068852                    /home/spark/env/spark-2.1.0-bin-hadoop2.7/jars/spark-tags_2.11-2.1.0.jar
7f94956ae000-7f94956af000 r--s 00009000 fd:01 1068935                    /home/spark/env/spark-2.1.0-bin-hadoop2.7/jars/hive-cli-1.2.1.spark2.jar
7f94956af000-7f94956b5000 r--s 00040000 fd:01 1068850                    /home/spark/env/spark-2.1.0-bin-hadoop2.7/jars/parquet-encoding-1.8.1.jar
7f94956b5000-7f94956b9000 r--s 0002c000 fd:01 1068887                    /home/spark/env/spark-2.1.0-bin-hadoop2.7/jars/avro-ipc-1.7.7.jar
7f94956b9000-7f94956bc000 r--s 00028000 fd:01 1068781                    /home/spark/env/spark-2.1.0-bin-hadoop2.7/jars/stream-2.7.0.jar
7f94956bc000-7f94956c4000 r--s 00066000 fd:01 1068874                    /home/spark/env/spark-2.1.0-bin-hadoop2.7/jars/apache-log4j-extras-1.2.17.jar
7f94956c4000-7f94956c6000 r--s 00020000 fd:01 1068888                    /home/spark/env/spark-2.1.0-bin-hadoop2.7/jars/hive-beeline-1.2.1.spark2.jar
7f94956c6000-7f94956f3000 r--s 001d4000 fd:01 1068913                    /home/spark/env/spark-2.1.0-bin-hadoop2.7/jars/spark-streaming_2.11-2.1.0.jar
7f94956f3000-7f94956fa000 r--s 00039000 fd:01 1068869                    /home/spark/env/spark-2.1.0-bin-hadoop2.7/jars/calcite-avatica-1.2.0-incubating.jar
7f94956fa000-7f94956fe000 r--s 00018000 fd:01 1068804                    /home/spark/env/spark-2.1.0-bin-hadoop2.7/jars/metrics-core-3.1.2.jar
7f94956fe000-7f949570f000 r--s 00089000 fd:01 1068843                    /home/spark/env/spark-2.1.0-bin-hadoop2.7/jars/joda-time-2.9.3.jar
7f949570f000-7f9495712000 r--s 00006000 fd:01 1068863                    /home/spark/env/spark-2.1.0-bin-hadoop2.7/jars/jsr305-1.3.9.jar
7f9495712000-7f949577d000 r--s 00784000 fd:01 1068773                    /home/spark/env/spark-2.1.0-bin-hadoop2.7/jars/hadoop-hdfs-2.7.3.jar
7f949577d000-7f949577f000 r--s 00010000 fd:01 1068842                    /home/spark/env/spark-2.1.0-bin-hadoop2.7/jars/hadoop-mapreduce-client-shuffle-2.7.3.jar
7f949577f000-7f9495781000 r--s 00002000 fd:01 1068827                    /home/spark/env/spark-2.1.0-bin-hadoop2.7/jars/aopalliance-repackaged-2.4.0-b34.jar
7f9495781000-7f9495782000 r--s 00003000 fd:01 1068932                    /home/spark/env/spark-2.1.0-bin-hadoop2.7/jars/metrics-json-3.1.2.jar
7f9495782000-7f9495784000 r--s 00009000 fd:01 1068946                    /home/spark/env/spark-2.1.0-bin-hadoop2.7/jars/commons-cli-1.2.jar
7f9495784000-7f9495786000 r--s 00005000 fd:01 1068882                    /home/spark/env/spark-2.1.0-bin-hadoop2.7/jars/stax-api-1.0.1.jar
7f9495786000-7f9495788000 r--s 0000e000 fd:01 1068774                    /home/spark/env/spark-2.1.0-bin-hadoop2.7/jars/oro-2.0.8.jar
7f9495788000-7f949578b000 r--s 00022000 fd:01 1068927                    /home/spark/env/spark-2.1.0-bin-hadoop2.7/jars/stringtemplate-3.2.1.jar
7f949578b000-7f949578d000 r--s 0000f000 fd:01 1068856                    /home/spark/env/spark-2.1.0-bin-hadoop2.7/jars/curator-client-2.6.0.jar
7f949578d000-7f949578f000 r--s 00009000 fd:01 1068956                    /home/spark/env/spark-2.1.0-bin-hadoop2.7/jars/objenesis-2.1.jar
7f949578f000-7f94957aa000 r--s 001d8000 fd:01 1068794                    /home/spark/env/spark-2.1.0-bin-hadoop2.7/jars/jets3t-0.9.3.jar
7f94957aa000-7f94957ac000 r--s 0000e000 fd:01 1068896                    /home/spark/env/spark-2.1.0-bin-hadoop2.7/jars/spark-repl_2.11-2.1.0.jar
7f94957ac000-7f94957c4000 r--s 001b6000 fd:01 1068791                    /home/spark/env/spark-2.1.0-bin-hadoop2.7/jars/datanucleus-core-3.2.10.jar
7f94957c4000-7f94957cc000 r--s 0007b000 fd:01 1068879                    /home/spark/env/spark-2.1.0-bin-hadoop2.7/jars/protobuf-java-2.5.0.jar
7f94957cc000-7f94957d7000 r--s 00062000 fd:01 1068871                    /home/spark/env/spark-2.1.0-bin-hadoop2.7/jars/calcite-linq4j-1.2.0-incubating.jar
7f94957d7000-7f94957da000 r--s 00016000 fd:01 1068812                    /home/spark/env/spark-2.1.0-bin-hadoop2.7/jars/jsp-api-2.1.jar
7f94957da000-7f94957f3000 r--s 00164000 fd:01 1068880                    /home/spark/env/spark-2.1.0-bin-hadoop2.7/jars/hadoop-mapreduce-client-core-2.7.3.jar
7f94957f3000-7f94957f5000 r--s 00003000 fd:01 1068951                    /home/spark/env/spark-2.1.0-bin-hadoop2.7/jars/base64-2.3.8.jar
7f94957f5000-7f94957f8000 r--s 00021000 fd:01 1068816                    /home/spark/env/spark-2.1.0-bin-hadoop2.7/jars/xbean-asm5-shaded-4.4.jar
7f94957f8000-7f94957fa000 r--s 0000f000 fd:01 1068789                    /home/spark/env/spark-2.1.0-bin-hadoop2.7/jars/activation-1.1.1.jar
7f94957fa000-7f9495804000 r--s 0007b000 fd:01 1068955                    /home/spark/env/spark-2.1.0-bin-hadoop2.7/jars/hadoop-mapreduce-client-app-2.7.3.jar
7f9495804000-7f9495867000 r--s 004de000 fd:01 1068861                    /home/spark/env/spark-2.1.0-bin-hadoop2.7/jars/hive-metastore-1.2.1.spark2.jar
7f9495867000-7f949586a000 r--s 00015000 fd:01 1068839                    /home/spark/env/spark-2.1.0-bin-hadoop2.7/jars/commons-pool-1.5.4.jar
7f949586a000-7f9495878000 r--s 0009d000 fd:01 1068833                    /home/spark/env/spark-2.1.0-bin-hadoop2.7/jars/jersey-common-2.22.2.jar
7f9495878000-7f949587d000 r--s 00036000 fd:01 1068796                    /home/spark/env/spark-2.1.0-bin-hadoop2.7/jars/commons-compress-1.4.1.jar
7f949587d000-7f94958ac000 r--s 002e5000 fd:01 1068954                    /home/spark/env/spark-2.1.0-bin-hadoop2.7/jars/derby-10.12.1.1.jar
7f94958ac000-7f94958b0000 r--s 0001a000 fd:01 1068799                    /home/spark/env/spark-2.1.0-bin-hadoop2.7/jars/hk2-utils-2.4.0-b34.jar
7f94958b0000-7f94958c9000 r--s 00150000 fd:01 1068847                    /home/spark/env/spark-2.1.0-bin-hadoop2.7/jars/htrace-core-3.1.0-incubating.jar
7f94958c9000-7f94958f7000 r--s 00212000 fd:01 1068942                    /home/spark/env/spark-2.1.0-bin-hadoop2.7/jars/spark-network-common_2.11-2.1.0.jar
7f94958f7000-7f94958ff000 r--s 00059000 fd:01 1068831                    /home/spark/env/spark-2.1.0-bin-hadoop2.7/jars/javolution-5.5.1.jar
7f94958ff000-7f9495901000 r--s 00006000 fd:01 1068808                    /home/spark/env/spark-2.1.0-bin-hadoop2.7/jars/paranamer-2.3.jar
7f9495901000-7f9495919000 r--s 0010a000 fd:01 1068814                    /home/spark/env/spark-2.1.0-bin-hadoop2.7/jars/spark-hive_2.11-2.1.0.jar
7f9495919000-7f949591c000 r--s 0000d000 fd:01 1068950                    /home/spark/env/spark-2.1.0-bin-hadoop2.7/jars/spark-network-shuffle_2.11-2.1.0.jar
7f949591c000-7f949591f000 r--s 00015000 fd:01 1068865                    /home/spark/env/spark-2.1.0-bin-hadoop2.7/jars/pyrolite-4.13.jar
7f949591f000-7f9495920000 r--s 00009000 fd:01 1068953                    /home/spark/env/spark-2.1.0-bin-hadoop2.7/jars/slf4j-api-1.7.16.jar
7f9495920000-7f9495921000 r--s 00009000 fd:01 1068772                    /home/spark/env/spark-2.1.0-bin-hadoop2.7/jars/hadoop-annotations-2.7.3.jar
7f9495921000-7f9495927000 r--s 00063000 fd:01 1068957                    /home/spark/env/spark-2.1.0-bin-hadoop2.7/jars/jodd-core-3.5.2.jar
7f9495927000-7f9495933000 r--s 000b6000 fd:01 1068937                    /home/spark/env/spark-2.1.0-bin-hadoop2.7/jars/zookeeper-3.4.6.jar
7f9495933000-7f9495955000 r--s 00335000 fd:01 1068889                    /home/spark/env/spark-2.1.0-bin-hadoop2.7/jars/mesos-1.0.0-shaded-protobuf.jar
7f9495955000-7f949595c000 r--s 00058000 fd:01 1068809                    /home/spark/env/spark-2.1.0-bin-hadoop2.7/jars/parquet-format-2.3.0-incubating.jar
7f949595c000-7f9495970000 r--s 000ec000 fd:01 1068777                    /home/spark/env/spark-2.1.0-bin-hadoop2.7/jars/parquet-jackson-1.8.1.jar
7f9495970000-7f9495975000 r--s 00027000 fd:01 1068970                    /home/spark/env/spark-2.1.0-bin-hadoop2.7/jars/hk2-api-2.4.0-b34.jar
7f9495975000-7f9495984000 r--s 0009f000 fd:01 1068876                    /home/spark/env/spark-2.1.0-bin-hadoop2.7/jars/guice-3.0.jar
7f9495984000-7f9495986000 r--s 00017000 fd:01 1068828                    /home/spark/env/spark-2.1.0-bin-hadoop2.7/jars/hive-jdbc-1.2.1.spark2.jar
7f9495986000-7f949598b000 r--s 00032000 fd:01 1068972                    /home/spark/env/spark-2.1.0-bin-hadoop2.7/jars/chill_2.11-0.8.0.jar
7f949598b000-7f949598f000 r--s 00035000 fd:01 1068818                    /home/spark/env/spark-2.1.0-bin-hadoop2.7/jars/jackson-core-asl-1.9.13.jar
7f949598f000-7f9495991000 r--s 0000b000 fd:01 1068947                    /home/spark/env/spark-2.1.0-bin-hadoop2.7/jars/chill-java-0.8.0.jar
7f9495991000-7f9495995000 r--s 00014000 fd:01 1068964                    /home/spark/env/spark-2.1.0-bin-hadoop2.7/jars/xz-1.0.jar
7f9495995000-7f9495997000 r--s 00100000 fd:01 1068949                    /home/spark/env/spark-2.1.0-bin-hadoop2.7/jars/snappy-java-1.1.2.6.jar
7f9495997000-7f949599d000 r--s 00028000 fd:01 1068885                    /home/spark/env/spark-2.1.0-bin-hadoop2.7/jars/curator-framework-2.6.0.jar
7f949599d000-7f94959a1000 r--s 00019000 fd:01 1068906                    /home/spark/env/spark-2.1.0-bin-hadoop2.7/jars/javax.ws.rs-api-2.0.1.jar
7f94959a1000-7f94959a5000 r--s 00031000 fd:01 1068803                    /home/spark/env/spark-2.1.0-bin-hadoop2.7/jars/jline-2.12.1.jar
7f94959a5000-7f94959a6000 r--s 0000b000 fd:01 1068849                    /home/spark/env/spark-2.1.0-bin-hadoop2.7/jars/snappy-0.2.jar
7f94959a6000-7f94959ad000 r--s 00058000 fd:01 1068829                    /home/spark/env/spark-2.1.0-bin-hadoop2.7/jars/hadoop-yarn-server-common-2.7.3.jar
7f94959ad000-7f94959b1000 r--s 00029000 fd:01 1068787                    /home/spark/env/spark-2.1.0-bin-hadoop2.7/jars/breeze-macros_2.11-0.12.jar
7f94959b1000-7f94959b4000 r--s 00015000 fd:01 1068771                    /home/spark/env/spark-2.1.0-bin-hadoop2.7/jars/javax.servlet-api-3.1.0.jar
7f94959b4000-7f94959b9000 r--s 00028000 fd:01 1068948                    /home/spark/env/spark-2.1.0-bin-hadoop2.7/jars/avro-mapred-1.7.7-hadoop2.jar
7f94959b9000-7f94959c0000 r--s 0005d000 fd:01 1068915                    /home/spark/env/spark-2.1.0-bin-hadoop2.7/jars/mx4j-3.0.2.jar
7f94959c0000-7f94959c2000 r--s 00003000 fd:01 1068875                    /home/spark/env/spark-2.1.0-bin-hadoop2.7/jars/jcl-over-slf4j-1.7.16.jar
7f94959c2000-7f94959c4000 r--s 00027000 fd:01 1068911                    /home/spark/env/spark-2.1.0-bin-hadoop2.7/jars/core-1.1.2.jar
7f94959c4000-7f94959c7000 r--s 00009000 fd:01 1068890                    /home/spark/env/spark-2.1.0-bin-hadoop2.7/jars/jackson-annotations-2.6.5.jar
7f94959c7000-7f94959cc000 r--s 00031000 fd:01 1068884                    /home/spark/env/spark-2.1.0-bin-hadoop2.7/jars/parquet-hadoop-1.8.1.jar
7f94959cc000-7f94959d0000 r--s 00028000 fd:01 1068795                    /home/spark/env/spark-2.1.0-bin-hadoop2.7/jars/jetty-util-6.1.26.jar
7f94959d0000-7f9495a04000 r--s 00277000 fd:01 1068811                    /home/spark/env/spark-2.1.0-bin-hadoop2.7/jars/parquet-hadoop-bundle-1.6.0.jar
7f9495a04000-7f9495a11000 r--s 00083000 fd:01 1068819                    /home/spark/env/spark-2.1.0-bin-hadoop2.7/jars/commons-collections-3.2.2.jar
7f9495a11000-7f9495a13000 r--s 00003000 fd:01 1068834                    /home/spark/env/spark-2.1.0-bin-hadoop2.7/jars/api-asn1-api-1.0.0-M20.jar
7f9495a13000-7f9495a34000 r--s 0019b000 fd:01 1068840                    /home/spark/env/spark-2.1.0-bin-hadoop2.7/jars/spark-hive-thriftserver_2.11-2.1.0.jar
7f9495a34000-7f9495a60000 r--s 001c9000 fd:01 1068918                    /home/spark/env/spark-2.1.0-bin-hadoop2.7/jars/shapeless_2.11-2.0.0.jar
7f9495a60000-7f9495a62000 r--s 0000e000 fd:01 1068907                    /home/spark/env/spark-2.1.0-bin-hadoop2.7/jars/hadoop-mapreduce-client-jobclient-2.7.3.jar
7f9495a62000-7f9495a66000 r--s 00025000 fd:01 1068776                    /home/spark/env/spark-2.1.0-bin-hadoop2.7/jars/antlr-runtime-3.4.jar
7f9495a66000-7f9495a68000 r--s 00009000 fd:01 1068778                    /home/spark/env/spark-2.1.0-bin-hadoop2.7/jars/spark-unsafe_2.11-2.1.0.jar
7f9495a68000-7f9495a6b000 r--s 00012000 fd:01 1068823                    /home/spark/env/spark-2.1.0-bin-hadoop2.7/jars/json4s-ast_2.11-3.2.11.jar
7f9495a6b000-7f9495a7c000 r--s 0010d000 fd:01 1068855                    /home/spark/env/spark-2.1.0-bin-hadoop2.7/jars/jackson-databind-2.6.5.jar
7f9495a7c000-7f9495a84000 r--s 0006e000 fd:01 1068903                    /home/spark/env/spark-2.1.0-bin-hadoop2.7/jars/commons-lang3-3.5.jar
7f9495a84000-7f9495aa8000 r--s 001cd000 fd:01 1068963                    /home/spark/env/spark-2.1.0-bin-hadoop2.7/jars/commons-math3-3.4.1.jar
7f9495aa8000-7f9495ab2000 r--s 00086000 fd:01 1068860                    /home/spark/env/spark-2.1.0-bin-hadoop2.7/jars/json4s-core_2.11-3.2.11.jar
7f9495ab2000-7f9495ad9000 r--s 0020f000 fd:01 1068868                    /home/spark/env/spark-2.1.0-bin-hadoop2.7/jars/netty-all-4.0.42.Final.jar
7f9495ad9000-7f949c000000 r--p 00000000 fd:01 151196                     /usr/lib/locale/locale-archive
7f949c000000-7f949c099000 rw-p 00000000 00:00 0 
7f949c099000-7f94a0000000 ---p 00000000 00:00 0 
7f94a0000000-7f94a0030000 rw-p 00000000 00:00 0 
7f94a0030000-7f94a4000000 ---p 00000000 00:00 0 
7f94a4000000-7f94a407c000 rw-p 00000000 00:00 0 
7f94a407c000-7f94a8000000 ---p 00000000 00:00 0 
7f94a8000000-7f94a8123000 rw-p 00000000 00:00 0 
7f94a8123000-7f94ac000000 ---p 00000000 00:00 0 
7f94ac000000-7f94ac003000 r--s 0001a000 fd:01 1068940                    /home/spark/env/spark-2.1.0-bin-hadoop2.7/jars/py4j-0.10.4.jar
7f94ac003000-7f94ac004000 r--s 00001000 fd:01 1068830                    /home/spark/env/spark-2.1.0-bin-hadoop2.7/jars/minlog-1.3.0.jar
7f94ac004000-7f94ac011000 r--s 00071000 fd:01 1068938                    /home/spark/env/spark-2.1.0-bin-hadoop2.7/jars/jackson-module-scala_2.11-2.6.5.jar
7f94ac011000-7f94ac018000 r--s 00051000 fd:01 1068782                    /home/spark/env/spark-2.1.0-bin-hadoop2.7/jars/kryo-shaded-3.0.3.jar
7f94ac018000-7f94ac029000 r--s 0009e000 fd:01 1068817                    /home/spark/env/spark-2.1.0-bin-hadoop2.7/jars/spark-yarn_2.11-2.1.0.jar
7f94ac029000-7f94ac02d000 r--s 00036000 fd:01 1068959                    /home/spark/env/spark-2.1.0-bin-hadoop2.7/jars/ST4-4.0.4.jar
7f94ac02d000-7f94ac02f000 r--s 00004000 fd:01 1068807                    /home/spark/env/spark-2.1.0-bin-hadoop2.7/jars/stax-api-1.0-2.jar
7f94ac02f000-7f94ac033000 r--s 00030000 fd:01 1068770                    /home/spark/env/spark-2.1.0-bin-hadoop2.7/jars/commons-net-2.2.jar
7f94ac033000-7f94ac039000 r--s 00043000 fd:01 1068967                    /home/spark/env/spark-2.1.0-bin-hadoop2.7/jars/commons-configuration-1.6.jar
7f94ac039000-7f94ac03d000 r--s 0002f000 fd:01 1068917                    /home/spark/env/spark-2.1.0-bin-hadoop2.7/jars/commons-beanutils-core-1.8.0.jar
7f94ac03d000-7f94ac048000 r--s 000b0000 fd:01 1068873                    /home/spark/env/spark-2.1.0-bin-hadoop2.7/jars/jtransforms-2.4.0.jar
7f94ac048000-7f94ac052000 r--s 00095000 fd:01 1068870                    /home/spark/env/spark-2.1.0-bin-hadoop2.7/jars/scala-xml_2.11-1.0.2.jar
7f94ac052000-7f94ac054000 r--s 00006000 fd:01 1068894                    /home/spark/env/spark-2.1.0-bin-hadoop2.7/jars/spark-sketch_2.11-2.1.0.jar
7f94ac054000-7f94ac071000 r--s 001d5000 fd:01 1068969                    /home/spark/env/spark-2.1.0-bin-hadoop2.7/jars/hadoop-yarn-api-2.7.3.jar
7f94ac071000-7f94ac077000 r--s 00045000 fd:01 1068826                    /home/spark/env/spark-2.1.0-bin-hadoop2.7/jars/commons-httpclient-3.1.jar
7f94ac077000-7f94ac079000 r--s 00038000 fd:01 1068910                    /home/spark/env/spark-2.1.0-bin-hadoop2.7/jars/lz4-1.3.0.jar
7f94ac079000-7f94ac080000 r--s 0003f000 fd:01 1068824                    /home/spark/env/spark-2.1.0-bin-hadoop2.7/jars/commons-codec-1.10.jar
7f94ac080000-7f94ac085000 r--s 00041000 fd:01 1068881                    /home/spark/env/spark-2.1.0-bin-hadoop2.7/jars/commons-lang-2.6.jar
7f94ac085000-7f94ac086000 r--s 0000a000 fd:01 1068835                    /home/spark/env/spark-2.1.0-bin-hadoop2.7/jars/apacheds-i18n-2.0.0-M15.jar
7f94ac086000-7f94ac088000 r--s 00010000 fd:01 1068891                    /home/spark/env/spark-2.1.0-bin-hadoop2.7/jars/jersey-media-jaxb-2.22.2.jar
7f94ac088000-7f94ac08a000 r--s 0000e000 fd:01 1068928                    /home/spark/env/spark-2.1.0-bin-hadoop2.7/jars/guice-servlet-3.0.jar
7f94ac08a000-7f94ac0a2000 r--s 00115000 fd:01 1068775                    /home/spark/env/spark-2.1.0-bin-hadoop2.7/jars/xercesImpl-2.9.1.jar
7f94ac0a2000-7f94ac0a3000 r--s 00006000 fd:01 1068909                    /home/spark/env/spark-2.1.0-bin-hadoop2.7/jars/jackson-xc-1.9.13.jar
7f94ac0a3000-7f94ac0a6000 r--s 0002f000 fd:01 1068785                    /home/spark/env/spark-2.1.0-bin-hadoop2.7/jars/RoaringBitmap-0.5.11.jar
7f94ac0a6000-7f94ac0b3000 r--s 00078000 fd:01 1068920                    /home/spark/env/spark-2.1.0-bin-hadoop2.7/jars/spark-mesos_2.11-2.1.0.jar
7f94ac0b3000-7f94ac0b4000 r--s 00004000 fd:01 1068975                    /home/spark/env/spark-2.1.0-bin-hadoop2.7/jars/osgi-resource-locator-1.0.1.jar
7f94ac0b4000-7f94ac0bb000 r--s 00036000 fd:01 1068845                    /home/spark/env/spark-2.1.0-bin-hadoop2.7/jars/curator-recipes-2.6.0.jar
7f94ac0bb000-7f94ac0d1000 r--s 001a4000 fd:01 1068832                    /home/spark/env/spark-2.1.0-bin-hadoop2.7/jars/datanucleus-rdbms-3.2.9.jar
7f94ac0d1000-7f94ac0e7000 r--s 00124000 fd:01 1068939                    /home/spark/env/spark-2.1.0-bin-hadoop2.7/jars/ivy-2.4.0.jar
7f94ac0e7000-7f94ac0e9000 r--s 00000000 fd:01 1068943                    /home/spark/env/spark-2.1.0-bin-hadoop2.7/jars/jul-to-slf4j-1.7.16.jar
7f94ac0e9000-7f94ac101000 r--s 00115000 fd:01 1068929                    /home/spark/env/spark-2.1.0-bin-hadoop2.7/jars/netty-3.8.0.Final.jar
7f94ac101000-7f94ac113000 r--s 000b3000 fd:01 1068934                    /home/spark/env/spark-2.1.0-bin-hadoop2.7/jars/scalap-2.11.8.jar
7f94ac113000-7f94ac114000 r--s 00002000 fd:01 1068806                    /home/spark/env/spark-2.1.0-bin-hadoop2.7/jars/java-xmlbuilder-1.0.jar
7f94ac114000-7f94ac115000 r--s 00009000 fd:01 1068821                    /home/spark/env/spark-2.1.0-bin-hadoop2.7/jars/json4s-jackson_2.11-3.2.11.jar
7f94ac115000-7f94ac161000 r--s 00411000 fd:01 1068966                    /home/spark/env/spark-2.1.0-bin-hadoop2.7/jars/scala-reflect-2.11.8.jar
7f94ac161000-7f94ac168000 r--s 00049000 fd:01 1068960                    /home/spark/env/spark-2.1.0-bin-hadoop2.7/jars/univocity-parsers-2.2.1.jar
7f94ac168000-7f94ac16a000 r--s 0001f000 fd:01 1068930                    /home/spark/env/spark-2.1.0-bin-hadoop2.7/jars/commons-crypto-1.0.0.jar
7f94ac16a000-7f94ac16c000 r--s 00009000 fd:01 1068897                    /home/spark/env/spark-2.1.0-bin-hadoop2.7/jars/jackson-module-paranamer-2.6.5.jar
7f94ac16c000-7f94ac175000 r--s 0006f000 fd:01 1068866                    /home/spark/env/spark-2.1.0-bin-hadoop2.7/jars/log4j-1.2.17.jar
7f94ac175000-7f94ac176000 r--s 00004000 fd:01 1068853                    /home/spark/env/spark-2.1.0-bin-hadoop2.7/jars/eigenbase-properties-1.1.5.jar
7f94ac176000-7f94ac178000 r--s 00014000 fd:01 1068859                    /home/spark/env/spark-2.1.0-bin-hadoop2.7/jars/spire-macros_2.11-0.7.4.jar
7f94ac178000-7f94ac17a000 r--s 0000f000 fd:01 1068973                    /home/spark/env/spark-2.1.0-bin-hadoop2.7/jars/spark-launcher_2.11-2.1.0.jar
7f94ac17a000-7f94ac17c000 r--s 00012000 fd:01 1068872                    /home/spark/env/spark-2.1.0-bin-hadoop2.7/jars/compress-lzf-1.0.3.jar
7f94ac17c000-7f94ac17e000 r--s 00005000 fd:01 1068883                    /home/spark/env/spark-2.1.0-bin-hadoop2.7/jars/javax.annotation-api-1.2.jar
7f94ac17e000-7f94ac180000 r--s 00004000 fd:01 1068908                    /home/spark/env/spark-2.1.0-bin-hadoop2.7/jars/metrics-graphite-3.1.2.jar
7f94ac180000-7f94ac257000 r--s 00a7f000 fd:01 1068854                    /home/spark/env/spark-2.1.0-bin-hadoop2.7/jars/spark-core_2.11-2.1.0.jar
7f94ac257000-7f94ac258000 r--s 00004000 fd:01 1068858                    /home/spark/env/spark-2.1.0-bin-hadoop2.7/jars/opencsv-2.3.jar
7f94ac258000-7f94ac25b000 r--s 00026000 fd:01 1068914                    /home/spark/env/spark-2.1.0-bin-hadoop2.7/jars/hadoop-yarn-client-2.7.3.jar
7f94ac25b000-7f94ac262000 r--s 00046000 fd:01 1068965                    /home/spark/env/spark-2.1.0-bin-hadoop2.7/jars/libfb303-0.9.2.jar
7f94ac262000-7f94ac26f000 r--s 000a7000 fd:01 1068848                    /home/spark/env/spark-2.1.0-bin-hadoop2.7/jars/httpclient-4.5.2.jar
7f94ac26f000-7f94ac279000 r--s 000aa000 fd:01 1068900                    /home/spark/env/spark-2.1.0-bin-hadoop2.7/jars/janino-3.0.0.jar
7f94ac279000-7f94ac27d000 r--s 0002a000 fd:01 1068886                    /home/spark/env/spark-2.1.0-bin-hadoop2.7/jars/commons-io-2.4.jar
7f94ac27d000-7f94ac27f000 r--s 00015000 fd:01 1068786                    /home/spark/env/spark-2.1.0-bin-hadoop2.7/jars/hadoop-auth-2.7.3.jar
7f94ac27f000-7f94ac281000 r--s 00008000 fd:01 1068801                    /home/spark/env/spark-2.1.0-bin-hadoop2.7/jars/parquet-common-1.8.1.jar
7f94ac281000-7f94ac283000 r--s 00012000 fd:01 1068924                    /home/spark/env/spark-2.1.0-bin-hadoop2.7/jars/api-util-1.0.0-M20.jar
7f94ac283000-7f94ac285000 r--s 00003000 fd:01 1068792                    /home/spark/env/spark-2.1.0-bin-hadoop2.7/jars/jersey-container-servlet-2.22.2.jar
7f94ac285000-7f94ac28d000 r--s 00078000 fd:01 1068926                    /home/spark/env/spark-2.1.0-bin-hadoop2.7/jars/mail-1.4.7.jar
7f94ac28d000-7f94ac298000 r--s 0005d000 fd:01 1068961                    /home/spark/env/spark-2.1.0-bin-hadoop2.7/jars/scala-parser-combinators_2.11-1.0.4.jar
7f94ac298000-7f94ac299000 r--s 00006000 fd:01 1068895                    /home/spark/env/spark-2.1.0-bin-hadoop2.7/jars/hadoop-client-2.7.3.jar
7f94ac299000-7f94ac29c000 r--s 00017000 fd:01 1068921                    /home/spark/env/spark-2.1.0-bin-hadoop2.7/jars/jaxb-api-2.2.2.jar
7f94ac29c000-7f94ac29e000 r--s 00003000 fd:01 1068931                    /home/spark/env/spark-2.1.0-bin-hadoop2.7/jars/JavaEWAH-0.3.2.jar
7f94ac29e000-7f94ac2b4000 r--s 000d3000 fd:01 1068846                    /home/spark/env/spark-2.1.0-bin-hadoop2.7/jars/jersey-server-2.22.2.jar
7f94ac2b4000-7f94ac2b5000 r--s 00003000 fd:01 1068813                    /home/spark/env/spark-2.1.0-bin-hadoop2.7/jars/xmlenc-0.52.jar
7f94ac2b5000-7f94ac2f5000 r--s 00277000 fd:01 1068905                    /home/spark/env/spark-2.1.0-bin-hadoop2.7/jars/bcprov-jdk15on-1.51.jar
7f94ac2f5000-7f94ac2f8000 r--s 00014000 fd:01 1068899                    /home/spark/env/spark-2.1.0-bin-hadoop2.7/jars/super-csv-2.2.0.jar
7f94ac2f8000-7f94ac2fc000 r--s 00029000 fd:01 1068810                    /home/spark/env/spark-2.1.0-bin-hadoop2.7/jars/hk2-locator-2.4.0-b34.jar
7f94ac2fc000-7f94ac2fd000 r--s 00001000 fd:01 1068945                    /home/spark/env/spark-2.1.0-bin-hadoop2.7/jars/javax.inject-2.4.0-b34.jar
7f94ac2fd000-7f94ac300000 r--s 0000e000 fd:01 1068797                    /home/spark/env/spark-2.1.0-bin-hadoop2.7/jars/jersey-container-servlet-core-2.22.2.jar
7f94ac300000-7f94ac304000 r--s 00025000 fd:01 1068958                    /home/spark/env/spark-2.1.0-bin-hadoop2.7/jars/jersey-client-2.22.2.jar
7f94ac304000-7f94ac305000 r--s 00001000 fd:01 1068841                    /home/spark/env/spark-2.1.0-bin-hadoop2.7/jars/pmml-schema-1.2.15.jar
7f94ac305000-7f94ac308000 r--s 000fd000 fd:01 1068825                    /home/spark/env/spark-2.1.0-bin-hadoop2.7/jars/leveldbjni-all-1.8.jar
7f94ac308000-7f94ac391000 r--s 00682000 fd:01 1068936                    /home/spark/env/spark-2.1.0-bin-hadoop2.7/jars/spark-catalyst_2.11-2.1.0.jar
7f94ac391000-7f94ac396000 r--s 00068000 fd:01 1068912                    /home/spark/env/spark-2.1.0-bin-hadoop2.7/jars/antlr-2.7.7.jar
7f94ac396000-7f94ac39a000 r--s 0003c000 fd:01 1068962                    /home/spark/env/spark-2.1.0-bin-hadoop2.7/jars/jackson-core-2.6.5.jar
7f94ac39a000-7f94ac3b2000 r--s 000d6000 fd:01 1068793                    /home/spark/env/spark-2.1.0-bin-hadoop2.7/jars/jersey-guava-2.22.2.jar
7f94ac3b2000-7f94ac3db000 r--s 001ee000 fd:01 1068971                    /home/spark/env/spark-2.1.0-bin-hadoop2.7/jars/guava-14.0.1.jar
7f94ac3db000-7f94ac3e5000 r--s 000a5000 fd:01 1068904                    /home/spark/env/spark-2.1.0-bin-hadoop2.7/jars/javassist-3.18.1-GA.jar
7f94ac3e5000-7f94ac3e7000 r--s 00000000 fd:01 1068898                    /home/spark/env/spark-2.1.0-bin-hadoop2.7/jars/aopalliance-1.0.jar
7f94ac3e7000-7f94ac3f5000 r--s 000b1000 fd:01 1068893                    /home/spark/env/spark-2.1.0-bin-hadoop2.7/jars/jackson-mapper-asl-1.9.13.jar
7f94ac3f5000-7f94ac3fc000 r--s 0007d000 fd:01 1068864                    /home/spark/env/spark-2.1.0-bin-hadoop2.7/jars/jetty-6.1.26.jar
7f94ac3fc000-7f94ac41d000 rw-p 00000000 00:00 0 
7f94ac41d000-7f94ac4ed000 r--s 00cf0000 fd:01 1068779                    /home/spark/env/spark-2.1.0-bin-hadoop2.7/jars/breeze_2.11-0.12.jar
7f94ac4ed000-7f94ac4f4000 r--s 00049000 fd:01 1068878                    /home/spark/env/spark-2.1.0-bin-hadoop2.7/jars/httpcore-4.4.4.jar
7f94ac4f4000-7f94ac54d000 r--s 00522000 fd:01 1068974                    /home/spark/env/spark-2.1.0-bin-hadoop2.7/jars/scala-library-2.11.8.jar
7f94ac54d000-7f94ac551000 r--s 0000c000 fd:01 1068836                    /home/spark/env/spark-2.1.0-bin-hadoop2.7/jars/validation-api-1.1.0.Final.jar
7f94ac551000-7f94ac55a000 r--s 00097000 fd:01 1068944                    /home/spark/env/spark-2.1.0-bin-hadoop2.7/jars/pmml-model-1.2.15.jar
7f94ac55a000-7f94ac55d000 r--s 00025000 fd:01 1068837                    /home/spark/env/spark-2.1.0-bin-hadoop2.7/jars/commons-dbcp-1.4.jar
7f94ac55d000-7f94ac562000 r--s 0002a000 fd:01 1068877                    /home/spark/env/spark-2.1.0-bin-hadoop2.7/jars/gson-2.2.4.jar
7f94ac562000-7f94ac567000 r--s 0002a000 fd:01 1068798                    /home/spark/env/spark-2.1.0-bin-hadoop2.7/jars/commons-beanutils-1.7.0.jar
7f94ac567000-7f94ac574000 r--s 000b1000 fd:01 1068784                    /home/spark/env/spark-2.1.0-bin-hadoop2.7/jars/hadoop-mapreduce-client-common-2.7.3.jar
7f94ac574000-7f94ac5c9000 r--s 0069c000 fd:01 1068815                    /home/spark/env/spark-2.1.0-bin-hadoop2.7/jars/spire_2.11-0.7.4.jar
7f94ac5c9000-7f94ac5db000 r--s 00097000 fd:01 1068925                    /home/spark/env/spark-2.1.0-bin-hadoop2.7/jars/apacheds-kerberos-codec-2.0.0-M15.jar
7f94ac5db000-7f94ac5f2000 r--s 00183000 fd:01 1068892                    /home/spark/env/spark-2.1.0-bin-hadoop2.7/jars/hadoop-yarn-common-2.7.3.jar
7f94ac5f2000-7f94ac629000 r--s 00325000 fd:01 1068923                    /home/spark/env/spark-2.1.0-bin-hadoop2.7/jars/calcite-core-1.2.0-incubating.jar
7f94ac629000-7f94ac64e000 rw-p 00000000 00:00 0 
7f94ac64e000-7f94ac75a000 r--s 00dba000 fd:01 1068968                    /home/spark/env/spark-2.1.0-bin-hadoop2.7/jars/scala-compiler-2.11.8.jar
7f94ac75a000-7f94ac76c000 r--s 00112000 fd:01 1068941                    /home/spark/env/spark-2.1.0-bin-hadoop2.7/jars/arpack_combined_all-0.1.jar
7f94ac76c000-7f94ac7e0000 r--s 00572000 fd:01 1068919                    /home/spark/env/spark-2.1.0-bin-hadoop2.7/jars/spark-mllib_2.11-2.1.0.jar
7f94ac7e0000-7f94ac7f0000 r--s 000b9000 fd:01 1070230                    /home/spark/env/spark-2.1.0-bin-hadoop2.7/jars/es-hadoop/elasticsearch-hadoop-5.3.2/dist/elasticsearch-hadoop-5.3.2.jar
7f94ac7f0000-7f94ac7f1000 ---p 00000000 00:00 0 
7f94ac7f1000-7f94ac8f1000 rw-p 00000000 00:00 0                          [stack:28698]
7f94ac8f1000-7f94ac8f4000 ---p 00000000 00:00 0 
7f94ac8f4000-7f94ac9f2000 rw-p 00000000 00:00 0                          [stack:28697]
7f94ac9f2000-7f94ac9f5000 ---p 00000000 00:00 0 
7f94ac9f5000-7f94acaf3000 rw-p 00000000 00:00 0                          [stack:28696]
7f94acaf3000-7f94acaf6000 ---p 00000000 00:00 0 
7f94acaf6000-7f94acbf4000 rw-p 00000000 00:00 0                          [stack:28695]
7f94acbf4000-7f94acbf7000 ---p 00000000 00:00 0 
7f94acbf7000-7f94accf5000 rw-p 00000000 00:00 0                          [stack:28694]
7f94accf5000-7f94accf8000 ---p 00000000 00:00 0 
7f94accf8000-7f94acdf6000 rw-p 00000000 00:00 0                          [stack:28693]
7f94acdf6000-7f94acdf9000 ---p 00000000 00:00 0 
7f94acdf9000-7f94acef7000 rw-p 00000000 00:00 0                          [stack:28692]
7f94acef7000-7f94acef8000 ---p 00000000 00:00 0 
7f94acef8000-7f94b0000000 rw-p 00000000 00:00 0                          [stack:28691]
7f94b0000000-7f94b0064000 rw-p 00000000 00:00 0 
7f94b0064000-7f94b4000000 ---p 00000000 00:00 0 
7f94b4000000-7f94b4001000 r--s 00002000 fd:01 1068902                    /home/spark/env/spark-2.1.0-bin-hadoop2.7/jars/jpam-1.1.jar
7f94b4001000-7f94b400a000 r--s 00062000 fd:01 1068800                    /home/spark/env/spark-2.1.0-bin-hadoop2.7/jars/avro-1.7.7.jar
7f94b400a000-7f94b400f000 r--s 0004e000 fd:01 1068802                    /home/spark/env/spark-2.1.0-bin-hadoop2.7/jars/datanucleus-api-jdo-3.2.6.jar
7f94b400f000-7f94b4110000 rw-p 00000000 00:00 0 
7f94b4110000-7f94b42de000 r--s 043e0000 fd:01 1065570                    /usr/lib/jvm/java-1.8.0-openjdk-1.8.0.121-0.b13.el7_3.x86_64/jre/lib/rt.jar
7f94b42de000-7f94b44de000 rw-p 00000000 00:00 0 
7f94b44de000-7f94b44df000 ---p 00000000 00:00 0 
7f94b44df000-7f94b45df000 rw-p 00000000 00:00 0                          [stack:28690]
7f94b45df000-7f94b45e0000 ---p 00000000 00:00 0 
7f94b45e0000-7f94b4706000 rw-p 00000000 00:00 0                          [stack:28689]
7f94b4706000-7f94b4836000 ---p 00000000 00:00 0 
7f94b4836000-7f94b485c000 rw-p 00000000 00:00 0 
7f94b485c000-7f94b498b000 ---p 00000000 00:00 0 
7f94b498b000-7f94b49f7000 rw-p 00000000 00:00 0 
7f94b49f7000-7f94b4a36000 ---p 00000000 00:00 0 
7f94b4a36000-7f94b4a58000 rw-p 00000000 00:00 0 
7f94b4a58000-7f94b4df7000 ---p 00000000 00:00 0 
7f94b4df7000-7f94b5637000 rwxp 00000000 00:00 0 
7f94b5637000-7f94c3df7000 ---p 00000000 00:00 0 
7f94c3df7000-7f94c3dff000 r-xp 00000000 fd:01 1065514                    /usr/lib/jvm/java-1.8.0-openjdk-1.8.0.121-0.b13.el7_3.x86_64/jre/lib/amd64/libzip.so
7f94c3dff000-7f94c3ffe000 ---p 00008000 fd:01 1065514                    /usr/lib/jvm/java-1.8.0-openjdk-1.8.0.121-0.b13.el7_3.x86_64/jre/lib/amd64/libzip.so
7f94c3ffe000-7f94c3fff000 r--p 00007000 fd:01 1065514                    /usr/lib/jvm/java-1.8.0-openjdk-1.8.0.121-0.b13.el7_3.x86_64/jre/lib/amd64/libzip.so
7f94c3fff000-7f94c4000000 rw-p 00008000 fd:01 1065514                    /usr/lib/jvm/java-1.8.0-openjdk-1.8.0.121-0.b13.el7_3.x86_64/jre/lib/amd64/libzip.so
7f94c4000000-7f94c4f8e000 rw-p 00000000 00:00 0 
7f94c4f8e000-7f94c8000000 ---p 00000000 00:00 0 
7f94c8000000-7f94c8001000 r--s 00000000 fd:01 1068820                    /home/spark/env/spark-2.1.0-bin-hadoop2.7/jars/javax.inject-1.jar
7f94c8001000-7f94c8003000 r--s 00008000 fd:01 1068783                    /home/spark/env/spark-2.1.0-bin-hadoop2.7/jars/metrics-jvm-3.1.2.jar
7f94c8003000-7f94c8004000 r--s 00003000 fd:01 1068790                    /home/spark/env/spark-2.1.0-bin-hadoop2.7/jars/jta-1.1.jar
7f94c8004000-7f94c80dd000 rw-p 00000000 00:00 0 
7f94c80dd000-7f94c80e8000 r-xp 00000000 fd:01 132844                     /usr/lib64/libnss_files-2.17.so
7f94c80e8000-7f94c82e7000 ---p 0000b000 fd:01 132844                     /usr/lib64/libnss_files-2.17.so
7f94c82e7000-7f94c82e8000 r--p 0000a000 fd:01 132844                     /usr/lib64/libnss_files-2.17.so
7f94c82e8000-7f94c82e9000 rw-p 0000b000 fd:01 132844                     /usr/lib64/libnss_files-2.17.so
7f94c82e9000-7f94c8316000 r-xp 00000000 fd:01 1065496                    /usr/lib/jvm/java-1.8.0-openjdk-1.8.0.121-0.b13.el7_3.x86_64/jre/lib/amd64/libjava.so
7f94c8316000-7f94c8516000 ---p 0002d000 fd:01 1065496                    /usr/lib/jvm/java-1.8.0-openjdk-1.8.0.121-0.b13.el7_3.x86_64/jre/lib/amd64/libjava.so
7f94c8516000-7f94c8517000 r--p 0002d000 fd:01 1065496                    /usr/lib/jvm/java-1.8.0-openjdk-1.8.0.121-0.b13.el7_3.x86_64/jre/lib/amd64/libjava.so
7f94c8517000-7f94c8519000 rw-p 0002e000 fd:01 1065496                    /usr/lib/jvm/java-1.8.0-openjdk-1.8.0.121-0.b13.el7_3.x86_64/jre/lib/amd64/libjava.so
7f94c8519000-7f94c8526000 r-xp 00000000 fd:01 1065513                    /usr/lib/jvm/java-1.8.0-openjdk-1.8.0.121-0.b13.el7_3.x86_64/jre/lib/amd64/libverify.so
7f94c8526000-7f94c8725000 ---p 0000d000 fd:01 1065513                    /usr/lib/jvm/java-1.8.0-openjdk-1.8.0.121-0.b13.el7_3.x86_64/jre/lib/amd64/libverify.so
7f94c8725000-7f94c8727000 r--p 0000c000 fd:01 1065513                    /usr/lib/jvm/java-1.8.0-openjdk-1.8.0.121-0.b13.el7_3.x86_64/jre/lib/amd64/libverify.so
7f94c8727000-7f94c8728000 rw-p 0000e000 fd:01 1065513                    /usr/lib/jvm/java-1.8.0-openjdk-1.8.0.121-0.b13.el7_3.x86_64/jre/lib/amd64/libverify.so
7f94c8728000-7f94c872f000 r-xp 00000000 fd:01 132976                     /usr/lib64/librt-2.17.so
7f94c872f000-7f94c892e000 ---p 00007000 fd:01 132976                     /usr/lib64/librt-2.17.so
7f94c892e000-7f94c892f000 r--p 00006000 fd:01 132976                     /usr/lib64/librt-2.17.so
7f94c892f000-7f94c8930000 rw-p 00007000 fd:01 132976                     /usr/lib64/librt-2.17.so
7f94c8930000-7f94c8945000 r-xp 00000000 fd:01 152028                     /usr/lib64/libgcc_s-4.8.5-20150702.so.1
7f94c8945000-7f94c8b44000 ---p 00015000 fd:01 152028                     /usr/lib64/libgcc_s-4.8.5-20150702.so.1
7f94c8b44000-7f94c8b45000 r--p 00014000 fd:01 152028                     /usr/lib64/libgcc_s-4.8.5-20150702.so.1
7f94c8b45000-7f94c8b46000 rw-p 00015000 fd:01 152028                     /usr/lib64/libgcc_s-4.8.5-20150702.so.1
7f94c8b46000-7f94c8c47000 r-xp 00000000 fd:01 132972                     /usr/lib64/libm-2.17.so
7f94c8c47000-7f94c8e46000 ---p 00101000 fd:01 132972                     /usr/lib64/libm-2.17.so
7f94c8e46000-7f94c8e47000 r--p 00100000 fd:01 132972                     /usr/lib64/libm-2.17.so
7f94c8e47000-7f94c8e48000 rw-p 00101000 fd:01 132972                     /usr/lib64/libm-2.17.so
7f94c8e48000-7f94c8f31000 r-xp 00000000 fd:01 141651                     /usr/lib64/libstdc++.so.6.0.19
7f94c8f31000-7f94c9131000 ---p 000e9000 fd:01 141651                     /usr/lib64/libstdc++.so.6.0.19
7f94c9131000-7f94c913a000 r--p 000e9000 fd:01 141651                     /usr/lib64/libstdc++.so.6.0.19
7f94c913a000-7f94c913c000 rw-p 000f2000 fd:01 141651                     /usr/lib64/libstdc++.so.6.0.19
7f94c913c000-7f94c9151000 rw-p 00000000 00:00 0 
7f94c9151000-7f94c9d62000 r-xp 00000000 fd:01 1065518                    /usr/lib/jvm/java-1.8.0-openjdk-1.8.0.121-0.b13.el7_3.x86_64/jre/lib/amd64/server/libjvm.so
7f94c9d62000-7f94c9f61000 ---p 00c11000 fd:01 1065518                    /usr/lib/jvm/java-1.8.0-openjdk-1.8.0.121-0.b13.el7_3.x86_64/jre/lib/amd64/server/libjvm.so
7f94c9f61000-7f94ca000000 r--p 00c10000 fd:01 1065518                    /usr/lib/jvm/java-1.8.0-openjdk-1.8.0.121-0.b13.el7_3.x86_64/jre/lib/amd64/server/libjvm.so
7f94ca000000-7f94ca029000 rw-p 00caf000 fd:01 1065518                    /usr/lib/jvm/java-1.8.0-openjdk-1.8.0.121-0.b13.el7_3.x86_64/jre/lib/amd64/server/libjvm.so
7f94ca029000-7f94ca05b000 rw-p 00000000 00:00 0 
7f94ca05b000-7f94ca211000 r-xp 00000000 fd:01 132826                     /usr/lib64/libc-2.17.so
7f94ca211000-7f94ca411000 ---p 001b6000 fd:01 132826                     /usr/lib64/libc-2.17.so
7f94ca411000-7f94ca415000 r--p 001b6000 fd:01 132826                     /usr/lib64/libc-2.17.so
7f94ca415000-7f94ca417000 rw-p 001ba000 fd:01 132826                     /usr/lib64/libc-2.17.so
7f94ca417000-7f94ca41c000 rw-p 00000000 00:00 0 
7f94ca41c000-7f94ca41f000 r-xp 00000000 fd:01 132971                     /usr/lib64/libdl-2.17.so
7f94ca41f000-7f94ca61e000 ---p 00003000 fd:01 132971                     /usr/lib64/libdl-2.17.so
7f94ca61e000-7f94ca61f000 r--p 00002000 fd:01 132971                     /usr/lib64/libdl-2.17.so
7f94ca61f000-7f94ca620000 rw-p 00003000 fd:01 132971                     /usr/lib64/libdl-2.17.so
7f94ca620000-7f94ca62e000 r-xp 00000000 fd:01 1065483                    /usr/lib/jvm/java-1.8.0-openjdk-1.8.0.121-0.b13.el7_3.x86_64/jre/lib/amd64/jli/libjli.so
7f94ca62e000-7f94ca82d000 ---p 0000e000 fd:01 1065483                    /usr/lib/jvm/java-1.8.0-openjdk-1.8.0.121-0.b13.el7_3.x86_64/jre/lib/amd64/jli/libjli.so
7f94ca82d000-7f94ca82e000 r--p 0000d000 fd:01 1065483                    /usr/lib/jvm/java-1.8.0-openjdk-1.8.0.121-0.b13.el7_3.x86_64/jre/lib/amd64/jli/libjli.so
7f94ca82e000-7f94ca82f000 rw-p 0000e000 fd:01 1065483                    /usr/lib/jvm/java-1.8.0-openjdk-1.8.0.121-0.b13.el7_3.x86_64/jre/lib/amd64/jli/libjli.so
7f94ca82f000-7f94ca844000 r-xp 00000000 fd:01 131092                     /usr/lib64/libz.so.1.2.7
7f94ca844000-7f94caa43000 ---p 00015000 fd:01 131092                     /usr/lib64/libz.so.1.2.7
7f94caa43000-7f94caa44000 r--p 00014000 fd:01 131092                     /usr/lib64/libz.so.1.2.7
7f94caa44000-7f94caa45000 rw-p 00015000 fd:01 131092                     /usr/lib64/libz.so.1.2.7
7f94caa45000-7f94caa5b000 r-xp 00000000 fd:01 132852                     /usr/lib64/libpthread-2.17.so
7f94caa5b000-7f94cac5b000 ---p 00016000 fd:01 132852                     /usr/lib64/libpthread-2.17.so
7f94cac5b000-7f94cac5c000 r--p 00016000 fd:01 132852                     /usr/lib64/libpthread-2.17.so
7f94cac5c000-7f94cac5d000 rw-p 00017000 fd:01 132852                     /usr/lib64/libpthread-2.17.so
7f94cac5d000-7f94cac61000 rw-p 00000000 00:00 0 
7f94cac61000-7f94cac82000 r-xp 00000000 fd:01 132819                     /usr/lib64/ld-2.17.so
7f94cac82000-7f94cac84000 r--s 0000d000 fd:01 1068867                    /home/spark/env/spark-2.1.0-bin-hadoop2.7/jars/hadoop-yarn-server-web-proxy-2.7.3.jar
7f94cac84000-7f94cac85000 r--s 00004000 fd:01 1068851                    /home/spark/env/spark-2.1.0-bin-hadoop2.7/jars/jackson-jaxrs-1.9.13.jar
7f94cac85000-7f94cad69000 rw-p 00000000 00:00 0 
7f94cad69000-7f94cad71000 rw-s 00000000 fd:01 799739                     /tmp/hsperfdata_spark/28666
7f94cad71000-7f94cad74000 ---p 00000000 00:00 0 
7f94cad74000-7f94cae77000 rw-p 00000000 00:00 0                          [stack:28688]
7f94cae77000-7f94cae7b000 r--s 00020000 fd:01 1068862                    /home/spark/env/spark-2.1.0-bin-hadoop2.7/jars/commons-digester-1.8.jar
7f94cae7b000-7f94cae7c000 r--s 00002000 fd:01 1068838                    /home/spark/env/spark-2.1.0-bin-hadoop2.7/jars/slf4j-log4j12-1.7.16.jar
7f94cae7c000-7f94cae7e000 r--s 0000e000 fd:01 1068916                    /home/spark/env/spark-2.1.0-bin-hadoop2.7/jars/commons-logging-1.1.3.jar
7f94cae7e000-7f94cae7f000 rw-p 00000000 00:00 0 
7f94cae7f000-7f94cae80000 ---p 00000000 00:00 0 
7f94cae80000-7f94cae81000 rw-p 00000000 00:00 0 
7f94cae81000-7f94cae82000 r--p 00020000 fd:01 132819                     /usr/lib64/ld-2.17.so
7f94cae82000-7f94cae83000 rw-p 00021000 fd:01 132819                     /usr/lib64/ld-2.17.so
7f94cae83000-7f94cae84000 rw-p 00000000 00:00 0 
7fff4890d000-7fff4892f000 rw-p 00000000 00:00 0                          [stack]
7fff4896a000-7fff4896c000 r-xp 00000000 00:00 0                          [vdso]
ffffffffff600000-ffffffffff601000 r-xp 00000000 00:00 0                  [vsyscall]

VM Arguments:
jvm_args: -Xmx1g 
java_command: org.apache.spark.deploy.SparkSubmit --master spark://iZ28ur81pw2Z:7077 --total-executor-cores 6 --files /home/spark/python/Compass1.0/libfeatureprocess.so --name MyApp /home/spark/python/Compass1.0/sparkinterface11.py {"es_resource": "target/person", "threshold": "0.7", "es_nodes": "10.46.215.19", "es_pass": "changeme", "es_user": "elastic"} {"deviceUUIDList":"66","beginTime":1497456000000,"endTime":1498185608000, 						  "searchRule":{ 							"face":{"gender":[1,2],"age":[1,2,3,4],"hairStyle":[1,2,3],"isSpectacled":[1,2]}, 						  	"body":{"upperBodyColor":"","lowerBodyColor":"","fullBodyColor":"","bodilyForm":[1,2],"height":[1,2,3]}, 						  	"feature":{"type":1,"value":"-0.04501234115801811, 0.1649637566661234, 0.03652994707221234, 0.12103449553258888, -0.026508789509534836, -0.04054411128162222, -0.004706656094642345, -0.10440607368943434, -0.041293155401945114, -0.008930347859859467, 0.09987298399209976, -0.06774231791496277, 0.022658707574009895, -0.013907848857343197, -0.01851120963692665, -0.043588679283857346, 0.10100151598453522, 0.06126488745212555, -0.06315449625253677, -0.021078184247016907, 0.0023955421056598425, 0.03655077889561653, -0.04012903943657875, 0.03122691437602043, -0.12100300192832947, -0.0036196045111864805, -0.03203102946281433, 0.029596854001283646, 0.08771178126335144, -0.08097640424966812, -0.049361441284418106, -0.05042056366801262, 0.029287833720445633, -0.07727435976266861, -0.1006685197353363, -0.13803768157958984, -0.09149806946516037, -0.11296027898788452, 0.046647295355796814, 0.04320395737886429, 0.22887392342090607, -0.00706471037119627, 0.07915881276130676, -0.0038873159792274237, -0.15274299681186676, -0.19539079070091248, 0.01400281023234129, 0.0034911702387034893, -0.06039253622293472, 0.03174913674592972, 0.08468920737504959, -0.022023741155862808, 0.0311481524258852, 0.19627316296100616, -0.007201094646006823, 0.023531462997198105, 0.021591676399111748, -0.2295510172843933, 0.12935978174209595, 0.08364737
java_class_path (initial): /home/spark/env/spark-2.1.0-bin-hadoop2.7/jars/es-hadoop/elasticsearch-hadoop-5.3.2/dist/elasticsearch-hadoop-5.3.2.jar:/home/spark/env/spark-2.1.0-bin-hadoop2.7/conf/:/home/spark/env/spark-2.1.0-bin-hadoop2.7/jars/commons-logging-1.1.3.jar:/home/spark/env/spark-2.1.0-bin-hadoop2.7/jars/spark-mllib_2.11-2.1.0.jar:/home/spark/env/spark-2.1.0-bin-hadoop2.7/jars/slf4j-log4j12-1.7.16.jar:/home/spark/env/spark-2.1.0-bin-hadoop2.7/jars/datanucleus-api-jdo-3.2.6.jar:/home/spark/env/spark-2.1.0-bin-hadoop2.7/jars/commons-digester-1.8.jar:/home/spark/env/spark-2.1.0-bin-hadoop2.7/jars/jackson-jaxrs-1.9.13.jar:/home/spark/env/spark-2.1.0-bin-hadoop2.7/jars/arpack_combined_all-0.1.jar:/home/spark/env/spark-2.1.0-bin-hadoop2.7/jars/scala-compiler-2.11.8.jar:/home/spark/env/spark-2.1.0-bin-hadoop2.7/jars/hadoop-yarn-server-web-proxy-2.7.3.jar:/home/spark/env/spark-2.1.0-bin-hadoop2.7/jars/calcite-core-1.2.0-incubating.jar:/home/spark/env/spark-2.1.0-bin-hadoop2.7/jars/avro-1.7.7.jar:/home/spark/env/spark-2.1.0-bin-hadoop2.7/jars/hadoop-yarn-common-2.7.3.jar:/home/spark/env/spark-2.1.0-bin-hadoop2.7/jars/apacheds-kerberos-codec-2.0.0-M15.jar:/home/spark/env/spark-2.1.0-bin-hadoop2.7/jars/spire_2.11-0.7.4.jar:/home/spark/env/spark-2.1.0-bin-hadoop2.7/jars/hadoop-mapreduce-client-common-2.7.3.jar:/home/spark/env/spark-2.1.0-bin-hadoop2.7/jars/commons-beanutils-1.7.0.jar:/home/spark/env/spark-2.1.0-bin-hadoop2.7/jars/jta-1.1.jar:/home/spark/env/spark-2.1.0-bin-hadoop2.7/jars/gson-2.2.4.jar:/home/spark/env/spark-2.1.0-bin-hadoop2.7/jars/metrics-jvm-3.1.2.jar:/home/spark/env/spark-2.1.0-bin-hadoop2.7/jars/commons-dbcp-1.4.jar:/home/spark/env/spark-2.1.0-bin-hadoop2.7/jars/pmml-model-1.2.15.jar:/home/spark/env/spark-2.1.0-bin-hadoop2.7/jars/validation-api-1.1.0.Final.jar:/home/spark/env/spark-2.1.0-bin-hadoop2.7/jars/scala-library-2.11.8.jar:/home/spark/env/spark-2.1.0-bin-hadoop2.7/jars/httpcore-4.4.4.jar:/home/spark/env/spark-2.1.0-bin-hadoop2.7/jars/java
Launcher Type: SUN_STANDARD

Environment Variables:
PATH=/usr/local/bin:/usr/bin:/usr/local/sbin:/usr/sbin:/home/spark/.local/bin:/home/spark/bin
SHELL=/bin/bash

Signal Handlers:
SIGSEGV: [libjvm.so+0xa14d20], sa_mask[0]=11111111011111111101111111111110, sa_flags=SA_RESTART|SA_SIGINFO
SIGBUS: [libjvm.so+0xa14d20], sa_mask[0]=11111111011111111101111111111110, sa_flags=SA_RESTART|SA_SIGINFO
SIGFPE: [libjvm.so+0x8701b0], sa_mask[0]=11111111011111111101111111111110, sa_flags=SA_RESTART|SA_SIGINFO
SIGPIPE: [libjvm.so+0x8701b0], sa_mask[0]=11111111011111111101111111111110, sa_flags=SA_RESTART|SA_SIGINFO
SIGXFSZ: [libjvm.so+0x8701b0], sa_mask[0]=11111111011111111101111111111110, sa_flags=SA_RESTART|SA_SIGINFO
SIGILL: [libjvm.so+0x8701b0], sa_mask[0]=11111111011111111101111111111110, sa_flags=SA_RESTART|SA_SIGINFO
SIGUSR1: SIG_DFL, sa_mask[0]=00000000000000000000000000000000, sa_flags=none
SIGUSR2: [libjvm.so+0x870060], sa_mask[0]=00000000000000000000000000000000, sa_flags=SA_RESTART|SA_SIGINFO
SIGHUP: [libjvm.so+0x870270], sa_mask[0]=11111111011111111101111111111110, sa_flags=SA_RESTART|SA_SIGINFO
SIGINT: [libjvm.so+0x870270], sa_mask[0]=11111111011111111101111111111110, sa_flags=SA_RESTART|SA_SIGINFO
SIGTERM: [libjvm.so+0x870270], sa_mask[0]=11111111011111111101111111111110, sa_flags=SA_RESTART|SA_SIGINFO
SIGQUIT: [libjvm.so+0x870270], sa_mask[0]=11111111011111111101111111111110, sa_flags=SA_RESTART|SA_SIGINFO


---------------  S Y S T E M  ---------------

OS:CentOS Linux release 7.0.1406 (Core) 

uname:Linux 3.10.0-123.9.3.el7.x86_64 #1 SMP Thu Nov 6 15:06:03 UTC 2014 x86_64
libc:glibc 2.17 NPTL 2.17 
rlimit: STACK 8192k, CORE 0k, NPROC 4096, NOFILE 131072, AS infinity
load average:0.23 0.07 0.15

/proc/meminfo:
MemTotal:        3883400 kB
MemFree:          104552 kB
MemAvailable:      35692 kB
Buffers:             464 kB
Cached:           207568 kB
SwapCached:            0 kB
Active:          3481920 kB
Inactive:         117336 kB
Active(anon):    3481628 kB
Inactive(anon):   107256 kB
Active(file):        292 kB
Inactive(file):    10080 kB
Unevictable:           0 kB
Mlocked:               0 kB
SwapTotal:             0 kB
SwapFree:              0 kB
Dirty:                 0 kB
Writeback:             0 kB
AnonPages:       3391712 kB
Mapped:            12148 kB
Shmem:            197272 kB
Slab:              37184 kB
SReclaimable:      20848 kB
SUnreclaim:        16336 kB
KernelStack:        2744 kB
PageTables:        18664 kB
NFS_Unstable:          0 kB
Bounce:                0 kB
WritebackTmp:          0 kB
CommitLimit:     1941700 kB
Committed_AS:    4417392 kB
VmallocTotal:   34359738367 kB
VmallocUsed:       15048 kB
VmallocChunk:   34359718651 kB
HardwareCorrupted:     0 kB
AnonHugePages:   1959936 kB
HugePages_Total:       0
HugePages_Free:        0
HugePages_Rsvd:        0
HugePages_Surp:        0
Hugepagesize:       2048 kB
DirectMap4k:       55168 kB
DirectMap2M:     3090432 kB
DirectMap1G:     3145728 kB


CPU:total 2 (2 cores per cpu, 1 threads per core) family 6 model 63 stepping 2, cmov, cx8, fxsr, mmx, sse, sse2, sse3, ssse3, sse4.1, sse4.2, popcnt, avx, aes, clmul, lzcnt, tsc

/proc/cpuinfo:
processor	: 0
vendor_id	: GenuineIntel
cpu family	: 6
model		: 63
model name	: Intel(R) Xeon(R) CPU E5-2680 v3 @ 2.50GHz
stepping	: 2
microcode	: 0x1
cpu MHz		: 2494.220
cache size	: 30720 KB
physical id	: 0
siblings	: 2
core id		: 0
cpu cores	: 2
apicid		: 0
initial apicid	: 0
fpu		: yes
fpu_exception	: yes
cpuid level	: 13
wp		: yes
flags		: fpu vme de pse tsc msr pae mce cx8 apic sep mtrr pge mca cmov pat pse36 clflush mmx fxsr sse sse2 ss ht syscall nx pdpe1gb rdtscp lm constant_tsc rep_good nopl eagerfpu pni pclmulqdq ssse3 fma cx16 pcid sse4_1 sse4_2 x2apic movbe popcnt tsc_deadline_timer aes xsave avx f16c rdrand hypervisor lahf_lm abm xsaveopt
bogomips	: 4988.44
clflush size	: 64
cache_alignment	: 64
address sizes	: 46 bits physical, 48 bits virtual
power management:

processor	: 1
vendor_id	: GenuineIntel
cpu family	: 6
model		: 63
model name	: Intel(R) Xeon(R) CPU E5-2680 v3 @ 2.50GHz
stepping	: 2
microcode	: 0x1
cpu MHz		: 2494.220
cache size	: 30720 KB
physical id	: 0
siblings	: 2
core id		: 1
cpu cores	: 2
apicid		: 1
initial apicid	: 1
fpu		: yes
fpu_exception	: yes
cpuid level	: 13
wp		: yes
flags		: fpu vme de pse tsc msr pae mce cx8 apic sep mtrr pge mca cmov pat pse36 clflush mmx fxsr sse sse2 ss ht syscall nx pdpe1gb rdtscp lm constant_tsc rep_good nopl eagerfpu pni pclmulqdq ssse3 fma cx16 pcid sse4_1 sse4_2 x2apic movbe popcnt tsc_deadline_timer aes xsave avx f16c rdrand hypervisor lahf_lm abm xsaveopt
bogomips	: 4988.44
clflush size	: 64
cache_alignment	: 64
address sizes	: 46 bits physical, 48 bits virtual
power management:



Memory: 4k page, physical 3883400k(104552k free), swap 0k(0k free)

vm_info: OpenJDK 64-Bit Server VM (25.121-b13) for linux-amd64 JRE (1.8.0_121-b13), built on Jan 20 2017 16:56:20 by "mockbuild" with gcc 4.8.5 20150623 (Red Hat 4.8.5-11)

time: Wed Jun 28 16:25:35 2017
elapsed time: 27 seconds (0d 0h 0m 27s)

